{"/home/prabhu/Projects/task_1/tests/app.spec.js":{"path":"/home/prabhu/Projects/task_1/tests/app.spec.js","statementMap":{"0":{"start":{"line":1,"column":14},"end":{"line":1,"column":30}},"1":{"start":{"line":2,"column":19},"end":{"line":2,"column":34}},"2":{"start":{"line":3,"column":17},"end":{"line":3,"column":36}},"3":{"start":{"line":4,"column":30},"end":{"line":4,"column":47}},"4":{"start":{"line":7,"column":0},"end":{"line":52,"column":5}},"5":{"start":{"line":12,"column":4},"end":{"line":16,"column":7}},"6":{"start":{"line":13,"column":8},"end":{"line":13,"column":55}},"7":{"start":{"line":14,"column":8},"end":{"line":14,"column":52}},"8":{"start":{"line":15,"column":8},"end":{"line":15,"column":61}},"9":{"start":{"line":18,"column":4},"end":{"line":20,"column":7}},"10":{"start":{"line":19,"column":8},"end":{"line":19,"column":29}},"11":{"start":{"line":22,"column":4},"end":{"line":26,"column":7}},"12":{"start":{"line":23,"column":8},"end":{"line":23,"column":31}},"13":{"start":{"line":24,"column":8},"end":{"line":24,"column":33}},"14":{"start":{"line":25,"column":8},"end":{"line":25,"column":29}},"15":{"start":{"line":28,"column":4},"end":{"line":36,"column":7}},"16":{"start":{"line":29,"column":8},"end":{"line":29,"column":32}},"17":{"start":{"line":31,"column":9},"end":{"line":31,"column":28}},"18":{"start":{"line":33,"column":8},"end":{"line":33,"column":46}},"19":{"start":{"line":34,"column":8},"end":{"line":34,"column":44}},"20":{"start":{"line":35,"column":8},"end":{"line":35,"column":48}},"21":{"start":{"line":38,"column":4},"end":{"line":51,"column":7}},"22":{"start":{"line":39,"column":22},"end":{"line":39,"column":51}},"23":{"start":{"line":40,"column":8},"end":{"line":40,"column":36}},"24":{"start":{"line":41,"column":33},"end":{"line":41,"column":61}},"25":{"start":{"line":43,"column":8},"end":{"line":50,"column":9}},"26":{"start":{"line":44,"column":12},"end":{"line":44,"column":24}},"27":{"start":{"line":46,"column":12},"end":{"line":46,"column":48}},"28":{"start":{"line":47,"column":12},"end":{"line":47,"column":50}},"29":{"start":{"line":48,"column":12},"end":{"line":48,"column":54}},"30":{"start":{"line":49,"column":12},"end":{"line":49,"column":39}}},"fnMap":{"0":{"name":"(anonymous_0)","decl":{"start":{"line":7,"column":31},"end":{"line":7,"column":32}},"loc":{"start":{"line":7,"column":37},"end":{"line":52,"column":3}},"line":7},"1":{"name":"(anonymous_1)","decl":{"start":{"line":12,"column":11},"end":{"line":12,"column":12}},"loc":{"start":{"line":12,"column":17},"end":{"line":16,"column":5}},"line":12},"2":{"name":"(anonymous_2)","decl":{"start":{"line":18,"column":14},"end":{"line":18,"column":15}},"loc":{"start":{"line":18,"column":20},"end":{"line":20,"column":5}},"line":18},"3":{"name":"(anonymous_3)","decl":{"start":{"line":22,"column":10},"end":{"line":22,"column":11}},"loc":{"start":{"line":22,"column":16},"end":{"line":26,"column":5}},"line":22},"4":{"name":"(anonymous_4)","decl":{"start":{"line":28,"column":54},"end":{"line":28,"column":55}},"loc":{"start":{"line":28,"column":66},"end":{"line":36,"column":5}},"line":28},"5":{"name":"(anonymous_5)","decl":{"start":{"line":38,"column":50},"end":{"line":38,"column":51}},"loc":{"start":{"line":38,"column":62},"end":{"line":51,"column":5}},"line":38}},"branchMap":{},"s":{"0":1,"1":1,"2":1,"3":1,"4":1,"5":1,"6":1,"7":1,"8":1,"9":1,"10":2,"11":1,"12":1,"13":1,"14":1,"15":1,"16":1,"17":1,"18":1,"19":1,"20":1,"21":1,"22":1,"23":1,"24":1,"25":1,"26":1,"27":0,"28":0,"29":0,"30":0},"f":{"0":1,"1":1,"2":2,"3":1,"4":1,"5":1},"b":{},"_coverageSchema":"1a1c01bbd47fc00a2c39e90264f33305004495a9","hash":"ed4312f3c24efbf19fec2721eff9890de1177e76","contentHash":"f6f063c819ed84c26c45370d7e237df518dd581ef002801ee14b715333fd5e9a"},"/home/prabhu/Projects/task_1/app.js":{"path":"/home/prabhu/Projects/task_1/app.js","statementMap":{"0":{"start":{"line":1,"column":16},"end":{"line":1,"column":34}},"1":{"start":{"line":2,"column":12},"end":{"line":2,"column":21}},"2":{"start":{"line":3,"column":13},"end":{"line":3,"column":28}},"3":{"start":{"line":4,"column":15},"end":{"line":4,"column":37}},"4":{"start":{"line":5,"column":0},"end":{"line":5,"column":27}},"5":{"start":{"line":9,"column":13},"end":{"line":9,"column":28}},"6":{"start":{"line":10,"column":17},"end":{"line":10,"column":36}},"7":{"start":{"line":11,"column":19},"end":{"line":11,"column":43}},"8":{"start":{"line":12,"column":19},"end":{"line":12,"column":44}},"9":{"start":{"line":13,"column":21},"end":{"line":13,"column":45}},"10":{"start":{"line":14,"column":25},"end":{"line":14,"column":44}},"11":{"start":{"line":15,"column":0},"end":{"line":15,"column":27}},"12":{"start":{"line":19,"column":13},"end":{"line":19,"column":29}},"13":{"start":{"line":22,"column":0},"end":{"line":27,"column":3}},"14":{"start":{"line":23,"column":4},"end":{"line":23,"column":71}},"15":{"start":{"line":24,"column":4},"end":{"line":24,"column":37}},"16":{"start":{"line":25,"column":4},"end":{"line":25,"column":29}},"17":{"start":{"line":26,"column":4},"end":{"line":26,"column":11}},"18":{"start":{"line":31,"column":0},"end":{"line":31,"column":29}},"19":{"start":{"line":32,"column":0},"end":{"line":32,"column":65}},"20":{"start":{"line":33,"column":0},"end":{"line":33,"column":23}},"21":{"start":{"line":34,"column":0},"end":{"line":34,"column":24}},"22":{"start":{"line":37,"column":14},"end":{"line":37,"column":29}},"23":{"start":{"line":38,"column":19},"end":{"line":49,"column":1}},"24":{"start":{"line":39,"column":4},"end":{"line":48,"column":11}},"25":{"start":{"line":41,"column":12},"end":{"line":41,"column":44}},"26":{"start":{"line":42,"column":12},"end":{"line":44,"column":14}},"27":{"start":{"line":43,"column":16},"end":{"line":43,"column":55}},"28":{"start":{"line":47,"column":12},"end":{"line":47,"column":38}},"29":{"start":{"line":51,"column":0},"end":{"line":51,"column":12}},"30":{"start":{"line":55,"column":0},"end":{"line":55,"column":21}},"31":{"start":{"line":59,"column":0},"end":{"line":59,"column":20}},"32":{"start":{"line":60,"column":0},"end":{"line":60,"column":20}},"33":{"start":{"line":63,"column":0},"end":{"line":63,"column":40}}},"fnMap":{"0":{"name":"(anonymous_0)","decl":{"start":{"line":22,"column":8},"end":{"line":22,"column":9}},"loc":{"start":{"line":22,"column":28},"end":{"line":27,"column":1}},"line":22},"1":{"name":"(anonymous_1)","decl":{"start":{"line":38,"column":19},"end":{"line":38,"column":20}},"loc":{"start":{"line":38,"column":23},"end":{"line":49,"column":1}},"line":38},"2":{"name":"(anonymous_2)","decl":{"start":{"line":40,"column":14},"end":{"line":40,"column":15}},"loc":{"start":{"line":40,"column":18},"end":{"line":45,"column":9}},"line":40},"3":{"name":"(anonymous_3)","decl":{"start":{"line":42,"column":31},"end":{"line":42,"column":32}},"loc":{"start":{"line":42,"column":35},"end":{"line":44,"column":13}},"line":42},"4":{"name":"(anonymous_4)","decl":{"start":{"line":46,"column":15},"end":{"line":46,"column":16}},"loc":{"start":{"line":46,"column":24},"end":{"line":48,"column":9}},"line":46}},"branchMap":{},"s":{"0":1,"1":1,"2":1,"3":1,"4":1,"5":1,"6":1,"7":1,"8":1,"9":1,"10":1,"11":1,"12":1,"13":1,"14":1,"15":1,"16":1,"17":1,"18":1,"19":1,"20":1,"21":1,"22":1,"23":1,"24":3,"25":1,"26":1,"27":0,"28":1,"29":1,"30":1,"31":1,"32":1,"33":1},"f":{"0":1,"1":3,"2":1,"3":0,"4":1},"b":{},"_coverageSchema":"1a1c01bbd47fc00a2c39e90264f33305004495a9","hash":"7fb711f4eba3d695c7123e4720e96d021d56a29d","contentHash":"dbf59442f200a678fa23c857f4737e09045cab2da2f4cf05c099c0c020825a6d"},"/home/prabhu/Projects/task_1/routes/auth.js":{"path":"/home/prabhu/Projects/task_1/routes/auth.js","statementMap":{"0":{"start":{"line":1,"column":19},"end":{"line":1,"column":37}},"1":{"start":{"line":2,"column":15},"end":{"line":2,"column":23}},"2":{"start":{"line":3,"column":24},"end":{"line":3,"column":63}},"3":{"start":{"line":4,"column":0},"end":{"line":4,"column":27}},"4":{"start":{"line":7,"column":62},"end":{"line":7,"column":102}},"5":{"start":{"line":8,"column":15},"end":{"line":8,"column":32}},"6":{"start":{"line":9,"column":16},"end":{"line":9,"column":38}},"7":{"start":{"line":10,"column":15},"end":{"line":10,"column":43}},"8":{"start":{"line":13,"column":0},"end":{"line":13,"column":36}},"9":{"start":{"line":14,"column":0},"end":{"line":14,"column":30}},"10":{"start":{"line":15,"column":0},"end":{"line":15,"column":32}},"11":{"start":{"line":16,"column":0},"end":{"line":16,"column":54}},"12":{"start":{"line":17,"column":0},"end":{"line":17,"column":58}},"13":{"start":{"line":18,"column":0},"end":{"line":18,"column":48}},"14":{"start":{"line":19,"column":0},"end":{"line":19,"column":56}},"15":{"start":{"line":20,"column":0},"end":{"line":20,"column":47}},"16":{"start":{"line":24,"column":0},"end":{"line":24,"column":37}},"17":{"start":{"line":25,"column":0},"end":{"line":25,"column":31}},"18":{"start":{"line":26,"column":0},"end":{"line":26,"column":49}},"19":{"start":{"line":28,"column":0},"end":{"line":28,"column":57}},"20":{"start":{"line":29,"column":0},"end":{"line":29,"column":61}},"21":{"start":{"line":32,"column":0},"end":{"line":32,"column":36}},"22":{"start":{"line":35,"column":0},"end":{"line":35,"column":24}}},"fnMap":{},"branchMap":{},"s":{"0":1,"1":1,"2":1,"3":1,"4":1,"5":1,"6":1,"7":1,"8":1,"9":1,"10":1,"11":1,"12":1,"13":1,"14":1,"15":1,"16":1,"17":1,"18":1,"19":1,"20":1,"21":1,"22":1},"f":{},"b":{},"_coverageSchema":"1a1c01bbd47fc00a2c39e90264f33305004495a9","hash":"5e1a12f1bd8f8e6ab5530d3e4b7a6eb47aa7d61a","contentHash":"c466c46af4e2436fc9a0e3e91dbf7e748feb6f7e08bb08db836fea7df8d4dfd3"},"/home/prabhu/Projects/task_1/middleware/authMiddleware.js":{"path":"/home/prabhu/Projects/task_1/middleware/authMiddleware.js","statementMap":{"0":{"start":{"line":1,"column":13},"end":{"line":1,"column":36}},"1":{"start":{"line":2,"column":15},"end":{"line":2,"column":40}},"2":{"start":{"line":3,"column":0},"end":{"line":3,"column":27}},"3":{"start":{"line":5,"column":13},"end":{"line":5,"column":35}},"4":{"start":{"line":6,"column":20},"end":{"line":19,"column":1}},"5":{"start":{"line":7,"column":18},"end":{"line":7,"column":33}},"6":{"start":{"line":8,"column":4},"end":{"line":18,"column":5}},"7":{"start":{"line":9,"column":8},"end":{"line":15,"column":10}},"8":{"start":{"line":10,"column":12},"end":{"line":14,"column":13}},"9":{"start":{"line":11,"column":16},"end":{"line":11,"column":39}},"10":{"start":{"line":13,"column":16},"end":{"line":13,"column":23}},"11":{"start":{"line":17,"column":8},"end":{"line":17,"column":31}},"12":{"start":{"line":22,"column":18},"end":{"line":40,"column":1}},"13":{"start":{"line":23,"column":18},"end":{"line":23,"column":33}},"14":{"start":{"line":24,"column":4},"end":{"line":39,"column":5}},"15":{"start":{"line":25,"column":8},"end":{"line":35,"column":10}},"16":{"start":{"line":26,"column":12},"end":{"line":34,"column":13}},"17":{"start":{"line":27,"column":16},"end":{"line":27,"column":49}},"18":{"start":{"line":28,"column":16},"end":{"line":28,"column":50}},"19":{"start":{"line":29,"column":16},"end":{"line":29,"column":39}},"20":{"start":{"line":31,"column":29},"end":{"line":31,"column":65}},"21":{"start":{"line":32,"column":16},"end":{"line":32,"column":39}},"22":{"start":{"line":33,"column":16},"end":{"line":33,"column":23}},"23":{"start":{"line":37,"column":8},"end":{"line":37,"column":31}},"24":{"start":{"line":38,"column":8},"end":{"line":38,"column":15}},"25":{"start":{"line":42,"column":0},"end":{"line":42,"column":43}}},"fnMap":{"0":{"name":"(anonymous_0)","decl":{"start":{"line":6,"column":20},"end":{"line":6,"column":21}},"loc":{"start":{"line":6,"column":38},"end":{"line":19,"column":1}},"line":6},"1":{"name":"(anonymous_1)","decl":{"start":{"line":9,"column":34},"end":{"line":9,"column":35}},"loc":{"start":{"line":9,"column":57},"end":{"line":15,"column":9}},"line":9},"2":{"name":"(anonymous_2)","decl":{"start":{"line":22,"column":18},"end":{"line":22,"column":19}},"loc":{"start":{"line":22,"column":36},"end":{"line":40,"column":1}},"line":22},"3":{"name":"(anonymous_3)","decl":{"start":{"line":25,"column":34},"end":{"line":25,"column":35}},"loc":{"start":{"line":25,"column":63},"end":{"line":35,"column":9}},"line":25}},"branchMap":{"0":{"loc":{"start":{"line":8,"column":4},"end":{"line":18,"column":5}},"type":"if","locations":[{"start":{"line":8,"column":4},"end":{"line":18,"column":5}},{"start":{"line":8,"column":4},"end":{"line":18,"column":5}}],"line":8},"1":{"loc":{"start":{"line":10,"column":12},"end":{"line":14,"column":13}},"type":"if","locations":[{"start":{"line":10,"column":12},"end":{"line":14,"column":13}},{"start":{"line":10,"column":12},"end":{"line":14,"column":13}}],"line":10},"2":{"loc":{"start":{"line":24,"column":4},"end":{"line":39,"column":5}},"type":"if","locations":[{"start":{"line":24,"column":4},"end":{"line":39,"column":5}},{"start":{"line":24,"column":4},"end":{"line":39,"column":5}}],"line":24},"3":{"loc":{"start":{"line":26,"column":12},"end":{"line":34,"column":13}},"type":"if","locations":[{"start":{"line":26,"column":12},"end":{"line":34,"column":13}},{"start":{"line":26,"column":12},"end":{"line":34,"column":13}}],"line":26}},"s":{"0":1,"1":1,"2":1,"3":1,"4":1,"5":3,"6":3,"7":2,"8":2,"9":1,"10":1,"11":1,"12":1,"13":3,"14":3,"15":2,"16":2,"17":1,"18":1,"19":1,"20":1,"21":1,"22":1,"23":1,"24":1,"25":1},"f":{"0":3,"1":2,"2":3,"3":2},"b":{"0":[2,1],"1":[1,1],"2":[2,1],"3":[1,1]},"_coverageSchema":"1a1c01bbd47fc00a2c39e90264f33305004495a9","hash":"b8437e3ae6747e5810827dac6400a9b57fa86b5e","contentHash":"a1318f3a0d4d63fab5a85367da002d75889a77951515489ef960ee16a2df8663"},"/home/prabhu/Projects/task_1/models/user.js":{"path":"/home/prabhu/Projects/task_1/models/user.js","statementMap":{"0":{"start":{"line":1,"column":17},"end":{"line":1,"column":36}},"1":{"start":{"line":2,"column":20},"end":{"line":2,"column":40}},"2":{"start":{"line":3,"column":15},"end":{"line":3,"column":32}},"3":{"start":{"line":4,"column":0},"end":{"line":4,"column":26}},"4":{"start":{"line":8,"column":4},"end":{"line":9,"column":22}},"5":{"start":{"line":8,"column":97},"end":{"line":8,"column":109}},"6":{"start":{"line":9,"column":9},"end":{"line":9,"column":22}},"7":{"start":{"line":12,"column":19},"end":{"line":32,"column":2}},"8":{"start":{"line":35,"column":0},"end":{"line":45,"column":1}},"9":{"start":{"line":36,"column":17},"end":{"line":36,"column":44}},"10":{"start":{"line":37,"column":4},"end":{"line":43,"column":5}},"11":{"start":{"line":38,"column":21},"end":{"line":38,"column":65}},"12":{"start":{"line":39,"column":8},"end":{"line":41,"column":9}},"13":{"start":{"line":40,"column":12},"end":{"line":40,"column":24}},"14":{"start":{"line":42,"column":8},"end":{"line":42,"column":44}},"15":{"start":{"line":44,"column":4},"end":{"line":44,"column":37}},"16":{"start":{"line":48,"column":13},"end":{"line":48,"column":46}},"17":{"start":{"line":50,"column":0},"end":{"line":50,"column":38}}},"fnMap":{"0":{"name":"checkPassword","decl":{"start":{"line":7,"column":9},"end":{"line":7,"column":22}},"loc":{"start":{"line":7,"column":27},"end":{"line":10,"column":1}},"line":7},"1":{"name":"(anonymous_1)","decl":{"start":{"line":35,"column":27},"end":{"line":35,"column":28}},"loc":{"start":{"line":35,"column":57},"end":{"line":45,"column":1}},"line":35}},"branchMap":{"0":{"loc":{"start":{"line":8,"column":4},"end":{"line":9,"column":22}},"type":"if","locations":[{"start":{"line":8,"column":4},"end":{"line":9,"column":22}},{"start":{"line":8,"column":4},"end":{"line":9,"column":22}}],"line":8},"1":{"loc":{"start":{"line":8,"column":7},"end":{"line":8,"column":95}},"type":"binary-expr","locations":[{"start":{"line":8,"column":8},"end":{"line":8,"column":25}},{"start":{"line":8,"column":29},"end":{"line":8,"column":46}},{"start":{"line":8,"column":51},"end":{"line":8,"column":68}},{"start":{"line":8,"column":72},"end":{"line":8,"column":95}}],"line":8},"2":{"loc":{"start":{"line":37,"column":4},"end":{"line":43,"column":5}},"type":"if","locations":[{"start":{"line":37,"column":4},"end":{"line":43,"column":5}},{"start":{"line":37,"column":4},"end":{"line":43,"column":5}}],"line":37},"3":{"loc":{"start":{"line":39,"column":8},"end":{"line":41,"column":9}},"type":"if","locations":[{"start":{"line":39,"column":8},"end":{"line":41,"column":9}},{"start":{"line":39,"column":8},"end":{"line":41,"column":9}}],"line":39}},"s":{"0":1,"1":1,"2":1,"3":1,"4":6,"5":3,"6":3,"7":1,"8":1,"9":3,"10":3,"11":2,"12":2,"13":1,"14":1,"15":1,"16":1,"17":1},"f":{"0":6,"1":3},"b":{"0":[3,3],"1":[6,3,4,3],"2":[2,1],"3":[1,1]},"_coverageSchema":"1a1c01bbd47fc00a2c39e90264f33305004495a9","hash":"62049069993029094290764a759257cd7cef0814","contentHash":"c8e6482566e7e3e86077e90f1d569ffaf108464369a648771c696fdc49031940"},"/home/prabhu/Projects/task_1/controllers/authentication.js":{"path":"/home/prabhu/Projects/task_1/controllers/authentication.js","statementMap":{"0":{"start":{"line":1,"column":19},"end":{"line":1,"column":37}},"1":{"start":{"line":2,"column":15},"end":{"line":2,"column":23}},"2":{"start":{"line":3,"column":15},"end":{"line":3,"column":40}},"3":{"start":{"line":4,"column":14},"end":{"line":4,"column":40}},"4":{"start":{"line":5,"column":0},"end":{"line":5,"column":27}},"5":{"start":{"line":6,"column":64},"end":{"line":6,"column":83}},"6":{"start":{"line":7,"column":11},"end":{"line":7,"column":24}},"7":{"start":{"line":8,"column":12},"end":{"line":8,"column":35}},"8":{"start":{"line":9,"column":19},"end":{"line":9,"column":40}},"9":{"start":{"line":10,"column":15},"end":{"line":10,"column":32}},"10":{"start":{"line":11,"column":20},"end":{"line":18,"column":2}},"11":{"start":{"line":22,"column":84},"end":{"line":22,"column":113}},"12":{"start":{"line":23,"column":25},"end":{"line":23,"column":65}},"13":{"start":{"line":24,"column":17},"end":{"line":24,"column":48}},"14":{"start":{"line":27,"column":13},"end":{"line":27,"column":28}},"15":{"start":{"line":28,"column":15},"end":{"line":28,"column":32}},"16":{"start":{"line":29,"column":15},"end":{"line":35,"column":2}},"17":{"start":{"line":42,"column":13},"end":{"line":42,"column":35}},"18":{"start":{"line":43,"column":0},"end":{"line":43,"column":22}},"19":{"start":{"line":48,"column":0},"end":{"line":52,"column":2}},"20":{"start":{"line":49,"column":18},"end":{"line":49,"column":33}},"21":{"start":{"line":50,"column":4},"end":{"line":51,"column":44}},"22":{"start":{"line":50,"column":14},"end":{"line":50,"column":48}},"23":{"start":{"line":51,"column":9},"end":{"line":51,"column":44}},"24":{"start":{"line":54,"column":0},"end":{"line":58,"column":2}},"25":{"start":{"line":55,"column":18},"end":{"line":55,"column":33}},"26":{"start":{"line":56,"column":4},"end":{"line":57,"column":40}},"27":{"start":{"line":56,"column":14},"end":{"line":56,"column":48}},"28":{"start":{"line":57,"column":9},"end":{"line":57,"column":40}},"29":{"start":{"line":61,"column":0},"end":{"line":146,"column":1}},"30":{"start":{"line":62,"column":42},"end":{"line":62,"column":50}},"31":{"start":{"line":63,"column":4},"end":{"line":145,"column":5}},"32":{"start":{"line":64,"column":8},"end":{"line":140,"column":9}},"33":{"start":{"line":65,"column":24},"end":{"line":65,"column":44}},"34":{"start":{"line":66,"column":32},"end":{"line":76,"column":13}},"35":{"start":{"line":78,"column":12},"end":{"line":88,"column":15}},"36":{"start":{"line":79,"column":16},"end":{"line":87,"column":17}},"37":{"start":{"line":80,"column":20},"end":{"line":84,"column":21}},"38":{"start":{"line":81,"column":20},"end":{"line":81,"column":48}},"39":{"start":{"line":83,"column":20},"end":{"line":83,"column":65}},"40":{"start":{"line":86,"column":20},"end":{"line":86,"column":52}},"41":{"start":{"line":92,"column":25},"end":{"line":92,"column":47}},"42":{"start":{"line":93,"column":35},"end":{"line":93,"column":67}},"43":{"start":{"line":94,"column":25},"end":{"line":94,"column":86}},"44":{"start":{"line":96,"column":23},"end":{"line":104,"column":13}},"45":{"start":{"line":106,"column":28},"end":{"line":106,"column":52}},"46":{"start":{"line":108,"column":26},"end":{"line":108,"column":47}},"47":{"start":{"line":110,"column":12},"end":{"line":110,"column":74}},"48":{"start":{"line":112,"column":30},"end":{"line":112,"column":40}},"49":{"start":{"line":113,"column":30},"end":{"line":113,"column":87}},"50":{"start":{"line":115,"column":12},"end":{"line":139,"column":15}},"51":{"start":{"line":116,"column":16},"end":{"line":137,"column":21}},"52":{"start":{"line":117,"column":20},"end":{"line":120,"column":23}},"53":{"start":{"line":123,"column":20},"end":{"line":136,"column":27}},"54":{"start":{"line":133,"column":28},"end":{"line":133,"column":67}},"55":{"start":{"line":143,"column":23},"end":{"line":143,"column":40}},"56":{"start":{"line":144,"column":8},"end":{"line":144,"column":39}},"57":{"start":{"line":150,"column":0},"end":{"line":187,"column":1}},"58":{"start":{"line":151,"column":32},"end":{"line":151,"column":40}},"59":{"start":{"line":152,"column":4},"end":{"line":186,"column":5}},"60":{"start":{"line":153,"column":21},"end":{"line":153,"column":53}},"61":{"start":{"line":154,"column":22},"end":{"line":154,"column":43}},"62":{"start":{"line":155,"column":8},"end":{"line":155,"column":70}},"63":{"start":{"line":156,"column":8},"end":{"line":181,"column":9}},"64":{"start":{"line":157,"column":32},"end":{"line":166,"column":13}},"65":{"start":{"line":169,"column":12},"end":{"line":179,"column":15}},"66":{"start":{"line":170,"column":16},"end":{"line":178,"column":17}},"67":{"start":{"line":171,"column":20},"end":{"line":175,"column":21}},"68":{"start":{"line":172,"column":22},"end":{"line":172,"column":50}},"69":{"start":{"line":174,"column":22},"end":{"line":174,"column":67}},"70":{"start":{"line":177,"column":20},"end":{"line":177,"column":59}},"71":{"start":{"line":184,"column":23},"end":{"line":184,"column":40}},"72":{"start":{"line":185,"column":8},"end":{"line":185,"column":39}},"73":{"start":{"line":190,"column":0},"end":{"line":199,"column":1}},"74":{"start":{"line":191,"column":4},"end":{"line":198,"column":7}},"75":{"start":{"line":192,"column":8},"end":{"line":197,"column":9}},"76":{"start":{"line":193,"column":12},"end":{"line":193,"column":69}},"77":{"start":{"line":195,"column":25},"end":{"line":195,"column":64}},"78":{"start":{"line":196,"column":12},"end":{"line":196,"column":94}},"79":{"start":{"line":201,"column":0},"end":{"line":210,"column":1}},"80":{"start":{"line":202,"column":4},"end":{"line":209,"column":7}},"81":{"start":{"line":203,"column":8},"end":{"line":208,"column":9}},"82":{"start":{"line":204,"column":12},"end":{"line":204,"column":69}},"83":{"start":{"line":206,"column":25},"end":{"line":206,"column":64}},"84":{"start":{"line":207,"column":12},"end":{"line":207,"column":39}},"85":{"start":{"line":212,"column":0},"end":{"line":215,"column":1}},"86":{"start":{"line":213,"column":17},"end":{"line":213,"column":58}},"87":{"start":{"line":214,"column":4},"end":{"line":214,"column":31}},"88":{"start":{"line":217,"column":0},"end":{"line":222,"column":1}},"89":{"start":{"line":218,"column":18},"end":{"line":218,"column":33}},"90":{"start":{"line":219,"column":17},"end":{"line":219,"column":45}},"91":{"start":{"line":220,"column":17},"end":{"line":220,"column":44}},"92":{"start":{"line":221,"column":4},"end":{"line":221,"column":89}},"93":{"start":{"line":225,"column":0},"end":{"line":238,"column":1}},"94":{"start":{"line":226,"column":4},"end":{"line":237,"column":7}},"95":{"start":{"line":227,"column":8},"end":{"line":236,"column":9}},"96":{"start":{"line":228,"column":12},"end":{"line":228,"column":69}},"97":{"start":{"line":230,"column":36},"end":{"line":233,"column":13}},"98":{"start":{"line":234,"column":30},"end":{"line":234,"column":97}},"99":{"start":{"line":235,"column":12},"end":{"line":235,"column":46}},"100":{"start":{"line":241,"column":0},"end":{"line":268,"column":1}},"101":{"start":{"line":242,"column":4},"end":{"line":267,"column":6}},"102":{"start":{"line":243,"column":8},"end":{"line":266,"column":9}},"103":{"start":{"line":244,"column":12},"end":{"line":244,"column":76}},"104":{"start":{"line":246,"column":12},"end":{"line":265,"column":13}},"105":{"start":{"line":247,"column":16},"end":{"line":247,"column":58}},"106":{"start":{"line":250,"column":16},"end":{"line":264,"column":18}},"107":{"start":{"line":260,"column":20},"end":{"line":260,"column":43}},"108":{"start":{"line":263,"column":20},"end":{"line":263,"column":56}},"109":{"start":{"line":271,"column":0},"end":{"line":274,"column":1}},"110":{"start":{"line":272,"column":4},"end":{"line":272,"column":37}},"111":{"start":{"line":273,"column":4},"end":{"line":273,"column":21}},"112":{"start":{"line":276,"column":0},"end":{"line":278,"column":1}},"113":{"start":{"line":277,"column":4},"end":{"line":277,"column":32}},"114":{"start":{"line":281,"column":0},"end":{"line":283,"column":1}},"115":{"start":{"line":282,"column":4},"end":{"line":282,"column":30}},"116":{"start":{"line":285,"column":0},"end":{"line":287,"column":1}},"117":{"start":{"line":286,"column":4},"end":{"line":286,"column":22}}},"fnMap":{"0":{"name":"(anonymous_0)","decl":{"start":{"line":48,"column":22},"end":{"line":48,"column":23}},"loc":{"start":{"line":48,"column":33},"end":{"line":52,"column":1}},"line":48},"1":{"name":"(anonymous_1)","decl":{"start":{"line":54,"column":19},"end":{"line":54,"column":20}},"loc":{"start":{"line":54,"column":30},"end":{"line":58,"column":1}},"line":54},"2":{"name":"(anonymous_2)","decl":{"start":{"line":61,"column":23},"end":{"line":61,"column":24}},"loc":{"start":{"line":61,"column":40},"end":{"line":146,"column":1}},"line":61},"3":{"name":"(anonymous_3)","decl":{"start":{"line":78,"column":46},"end":{"line":78,"column":47}},"loc":{"start":{"line":78,"column":68},"end":{"line":88,"column":13}},"line":78},"4":{"name":"(anonymous_4)","decl":{"start":{"line":115,"column":35},"end":{"line":115,"column":36}},"loc":{"start":{"line":115,"column":50},"end":{"line":139,"column":13}},"line":115},"5":{"name":"(anonymous_5)","decl":{"start":{"line":132,"column":30},"end":{"line":132,"column":31}},"loc":{"start":{"line":132,"column":38},"end":{"line":134,"column":25}},"line":132},"6":{"name":"(anonymous_6)","decl":{"start":{"line":135,"column":31},"end":{"line":135,"column":32}},"loc":{"start":{"line":135,"column":38},"end":{"line":136,"column":25}},"line":135},"7":{"name":"(anonymous_7)","decl":{"start":{"line":150,"column":20},"end":{"line":150,"column":21}},"loc":{"start":{"line":150,"column":37},"end":{"line":187,"column":1}},"line":150},"8":{"name":"(anonymous_8)","decl":{"start":{"line":169,"column":46},"end":{"line":169,"column":47}},"loc":{"start":{"line":169,"column":68},"end":{"line":179,"column":13}},"line":169},"9":{"name":"(anonymous_9)","decl":{"start":{"line":190,"column":21},"end":{"line":190,"column":22}},"loc":{"start":{"line":190,"column":38},"end":{"line":199,"column":1}},"line":190},"10":{"name":"(anonymous_10)","decl":{"start":{"line":191,"column":17},"end":{"line":191,"column":18}},"loc":{"start":{"line":191,"column":38},"end":{"line":198,"column":5}},"line":191},"11":{"name":"(anonymous_11)","decl":{"start":{"line":201,"column":22},"end":{"line":201,"column":23}},"loc":{"start":{"line":201,"column":39},"end":{"line":210,"column":1}},"line":201},"12":{"name":"(anonymous_12)","decl":{"start":{"line":202,"column":17},"end":{"line":202,"column":18}},"loc":{"start":{"line":202,"column":38},"end":{"line":209,"column":5}},"line":202},"13":{"name":"(anonymous_13)","decl":{"start":{"line":212,"column":22},"end":{"line":212,"column":23}},"loc":{"start":{"line":212,"column":39},"end":{"line":215,"column":1}},"line":212},"14":{"name":"(anonymous_14)","decl":{"start":{"line":217,"column":25},"end":{"line":217,"column":26}},"loc":{"start":{"line":217,"column":42},"end":{"line":222,"column":1}},"line":217},"15":{"name":"(anonymous_15)","decl":{"start":{"line":225,"column":29},"end":{"line":225,"column":30}},"loc":{"start":{"line":225,"column":46},"end":{"line":238,"column":1}},"line":225},"16":{"name":"(anonymous_16)","decl":{"start":{"line":226,"column":17},"end":{"line":226,"column":18}},"loc":{"start":{"line":226,"column":38},"end":{"line":237,"column":5}},"line":226},"17":{"name":"(anonymous_17)","decl":{"start":{"line":241,"column":21},"end":{"line":241,"column":22}},"loc":{"start":{"line":241,"column":35},"end":{"line":268,"column":1}},"line":241},"18":{"name":"(anonymous_18)","decl":{"start":{"line":242,"column":17},"end":{"line":242,"column":18}},"loc":{"start":{"line":242,"column":35},"end":{"line":267,"column":5}},"line":242},"19":{"name":"(anonymous_19)","decl":{"start":{"line":259,"column":22},"end":{"line":259,"column":23}},"loc":{"start":{"line":259,"column":28},"end":{"line":261,"column":17}},"line":259},"20":{"name":"(anonymous_20)","decl":{"start":{"line":262,"column":23},"end":{"line":262,"column":24}},"loc":{"start":{"line":262,"column":28},"end":{"line":264,"column":17}},"line":262},"21":{"name":"(anonymous_21)","decl":{"start":{"line":271,"column":20},"end":{"line":271,"column":21}},"loc":{"start":{"line":271,"column":33},"end":{"line":274,"column":1}},"line":271},"22":{"name":"(anonymous_22)","decl":{"start":{"line":276,"column":27},"end":{"line":276,"column":28}},"loc":{"start":{"line":276,"column":38},"end":{"line":278,"column":1}},"line":276},"23":{"name":"(anonymous_23)","decl":{"start":{"line":281,"column":25},"end":{"line":281,"column":26}},"loc":{"start":{"line":281,"column":36},"end":{"line":283,"column":1}},"line":281},"24":{"name":"(anonymous_24)","decl":{"start":{"line":285,"column":18},"end":{"line":285,"column":19}},"loc":{"start":{"line":285,"column":29},"end":{"line":287,"column":1}},"line":285}},"branchMap":{"0":{"loc":{"start":{"line":50,"column":4},"end":{"line":51,"column":44}},"type":"if","locations":[{"start":{"line":50,"column":4},"end":{"line":51,"column":44}},{"start":{"line":50,"column":4},"end":{"line":51,"column":44}}],"line":50},"1":{"loc":{"start":{"line":56,"column":4},"end":{"line":57,"column":40}},"type":"if","locations":[{"start":{"line":56,"column":4},"end":{"line":57,"column":40}},{"start":{"line":56,"column":4},"end":{"line":57,"column":40}}],"line":56},"2":{"loc":{"start":{"line":64,"column":8},"end":{"line":140,"column":9}},"type":"if","locations":[{"start":{"line":64,"column":8},"end":{"line":140,"column":9}},{"start":{"line":64,"column":8},"end":{"line":140,"column":9}}],"line":64},"3":{"loc":{"start":{"line":79,"column":16},"end":{"line":87,"column":17}},"type":"if","locations":[{"start":{"line":79,"column":16},"end":{"line":87,"column":17}},{"start":{"line":79,"column":16},"end":{"line":87,"column":17}}],"line":79},"4":{"loc":{"start":{"line":80,"column":20},"end":{"line":84,"column":21}},"type":"if","locations":[{"start":{"line":80,"column":20},"end":{"line":84,"column":21}},{"start":{"line":80,"column":20},"end":{"line":84,"column":21}}],"line":80},"5":{"loc":{"start":{"line":116,"column":16},"end":{"line":137,"column":21}},"type":"if","locations":[{"start":{"line":116,"column":16},"end":{"line":137,"column":21}},{"start":{"line":116,"column":16},"end":{"line":137,"column":21}}],"line":116},"6":{"loc":{"start":{"line":156,"column":8},"end":{"line":181,"column":9}},"type":"if","locations":[{"start":{"line":156,"column":8},"end":{"line":181,"column":9}},{"start":{"line":156,"column":8},"end":{"line":181,"column":9}}],"line":156},"7":{"loc":{"start":{"line":170,"column":16},"end":{"line":178,"column":17}},"type":"if","locations":[{"start":{"line":170,"column":16},"end":{"line":178,"column":17}},{"start":{"line":170,"column":16},"end":{"line":178,"column":17}}],"line":170},"8":{"loc":{"start":{"line":171,"column":20},"end":{"line":175,"column":21}},"type":"if","locations":[{"start":{"line":171,"column":20},"end":{"line":175,"column":21}},{"start":{"line":171,"column":20},"end":{"line":175,"column":21}}],"line":171},"9":{"loc":{"start":{"line":192,"column":8},"end":{"line":197,"column":9}},"type":"if","locations":[{"start":{"line":192,"column":8},"end":{"line":197,"column":9}},{"start":{"line":192,"column":8},"end":{"line":197,"column":9}}],"line":192},"10":{"loc":{"start":{"line":203,"column":8},"end":{"line":208,"column":9}},"type":"if","locations":[{"start":{"line":203,"column":8},"end":{"line":208,"column":9}},{"start":{"line":203,"column":8},"end":{"line":208,"column":9}}],"line":203},"11":{"loc":{"start":{"line":227,"column":8},"end":{"line":236,"column":9}},"type":"if","locations":[{"start":{"line":227,"column":8},"end":{"line":236,"column":9}},{"start":{"line":227,"column":8},"end":{"line":236,"column":9}}],"line":227},"12":{"loc":{"start":{"line":243,"column":8},"end":{"line":266,"column":9}},"type":"if","locations":[{"start":{"line":243,"column":8},"end":{"line":266,"column":9}},{"start":{"line":243,"column":8},"end":{"line":266,"column":9}}],"line":243},"13":{"loc":{"start":{"line":246,"column":12},"end":{"line":265,"column":13}},"type":"if","locations":[{"start":{"line":246,"column":12},"end":{"line":265,"column":13}},{"start":{"line":246,"column":12},"end":{"line":265,"column":13}}],"line":246},"14":{"loc":{"start":{"line":246,"column":15},"end":{"line":246,"column":44}},"type":"binary-expr","locations":[{"start":{"line":246,"column":15},"end":{"line":246,"column":24}},{"start":{"line":246,"column":28},"end":{"line":246,"column":44}}],"line":246}},"s":{"0":24,"1":24,"2":24,"3":24,"4":24,"5":24,"6":24,"7":24,"8":24,"9":24,"10":24,"11":24,"12":24,"13":24,"14":24,"15":24,"16":24,"17":24,"18":24,"19":24,"20":3,"21":3,"22":1,"23":2,"24":24,"25":2,"26":2,"27":1,"28":1,"29":24,"30":6,"31":6,"32":6,"33":4,"34":3,"35":3,"36":3,"37":2,"38":1,"39":1,"40":1,"41":2,"42":2,"43":2,"44":2,"45":2,"46":2,"47":2,"48":2,"49":2,"50":2,"51":2,"52":1,"53":1,"54":0,"55":1,"56":1,"57":24,"58":4,"59":4,"60":4,"61":3,"62":3,"63":3,"64":3,"65":3,"66":3,"67":2,"68":1,"69":1,"70":1,"71":1,"72":1,"73":24,"74":2,"75":2,"76":1,"77":1,"78":1,"79":24,"80":2,"81":2,"82":1,"83":1,"84":1,"85":24,"86":1,"87":1,"88":24,"89":1,"90":1,"91":1,"92":1,"93":24,"94":2,"95":2,"96":1,"97":1,"98":1,"99":1,"100":24,"101":5,"102":5,"103":1,"104":4,"105":2,"106":2,"107":1,"108":1,"109":24,"110":1,"111":1,"112":24,"113":1,"114":24,"115":1,"116":24,"117":1},"f":{"0":3,"1":2,"2":6,"3":3,"4":2,"5":0,"6":0,"7":4,"8":3,"9":2,"10":2,"11":2,"12":2,"13":1,"14":1,"15":2,"16":2,"17":5,"18":5,"19":1,"20":1,"21":1,"22":1,"23":1,"24":1},"b":{"0":[1,2],"1":[1,1],"2":[4,2],"3":[2,1],"4":[1,1],"5":[1,1],"6":[3,0],"7":[2,1],"8":[1,1],"9":[1,1],"10":[1,1],"11":[1,1],"12":[1,4],"13":[2,2],"14":[4,3]},"_coverageSchema":"1a1c01bbd47fc00a2c39e90264f33305004495a9","hash":"32d561fa1865164d5b7bf0902e50ae6ebe5937a0","contentHash":"f2a80f3145749ac2e94c65b52afa88b5459f90cf2d0b05b32c1f27278a743433"},"/home/prabhu/Projects/task_1/models/score.js":{"path":"/home/prabhu/Projects/task_1/models/score.js","statementMap":{"0":{"start":{"line":1,"column":17},"end":{"line":1,"column":36}},"1":{"start":{"line":4,"column":20},"end":{"line":69,"column":2}},"2":{"start":{"line":73,"column":0},"end":{"line":81,"column":1}},"3":{"start":{"line":74,"column":17},"end":{"line":74,"column":44}},"4":{"start":{"line":75,"column":4},"end":{"line":80,"column":5}},"5":{"start":{"line":76,"column":8},"end":{"line":79,"column":9}},"6":{"start":{"line":77,"column":12},"end":{"line":77,"column":51}},"7":{"start":{"line":78,"column":12},"end":{"line":78,"column":24}},"8":{"start":{"line":83,"column":0},"end":{"line":93,"column":1}},"9":{"start":{"line":84,"column":17},"end":{"line":84,"column":44}},"10":{"start":{"line":85,"column":4},"end":{"line":92,"column":5}},"11":{"start":{"line":86,"column":8},"end":{"line":91,"column":9}},"12":{"start":{"line":87,"column":12},"end":{"line":87,"column":53}},"13":{"start":{"line":88,"column":12},"end":{"line":88,"column":40}},"14":{"start":{"line":89,"column":12},"end":{"line":89,"column":39}},"15":{"start":{"line":90,"column":12},"end":{"line":90,"column":24}},"16":{"start":{"line":95,"column":0},"end":{"line":113,"column":1}},"17":{"start":{"line":96,"column":17},"end":{"line":96,"column":44}},"18":{"start":{"line":97,"column":4},"end":{"line":112,"column":5}},"19":{"start":{"line":98,"column":8},"end":{"line":98,"column":41}},"20":{"start":{"line":99,"column":8},"end":{"line":110,"column":9}},"21":{"start":{"line":100,"column":12},"end":{"line":100,"column":42}},"22":{"start":{"line":101,"column":12},"end":{"line":101,"column":39}},"23":{"start":{"line":103,"column":13},"end":{"line":110,"column":9}},"24":{"start":{"line":104,"column":12},"end":{"line":104,"column":43}},"25":{"start":{"line":105,"column":12},"end":{"line":105,"column":39}},"26":{"start":{"line":108,"column":12},"end":{"line":108,"column":43}},"27":{"start":{"line":109,"column":12},"end":{"line":109,"column":38}},"28":{"start":{"line":111,"column":8},"end":{"line":111,"column":20}},"29":{"start":{"line":116,"column":0},"end":{"line":130,"column":1}},"30":{"start":{"line":117,"column":17},"end":{"line":117,"column":44}},"31":{"start":{"line":118,"column":4},"end":{"line":129,"column":5}},"32":{"start":{"line":119,"column":8},"end":{"line":119,"column":37}},"33":{"start":{"line":120,"column":8},"end":{"line":127,"column":9}},"34":{"start":{"line":121,"column":12},"end":{"line":121,"column":38}},"35":{"start":{"line":122,"column":12},"end":{"line":122,"column":39}},"36":{"start":{"line":125,"column":12},"end":{"line":125,"column":39}},"37":{"start":{"line":126,"column":12},"end":{"line":126,"column":38}},"38":{"start":{"line":128,"column":8},"end":{"line":128,"column":20}},"39":{"start":{"line":132,"column":0},"end":{"line":142,"column":1}},"40":{"start":{"line":133,"column":17},"end":{"line":133,"column":44}},"41":{"start":{"line":134,"column":4},"end":{"line":141,"column":5}},"42":{"start":{"line":135,"column":8},"end":{"line":139,"column":9}},"43":{"start":{"line":136,"column":12},"end":{"line":136,"column":52}},"44":{"start":{"line":137,"column":12},"end":{"line":137,"column":44}},"45":{"start":{"line":138,"column":12},"end":{"line":138,"column":34}},"46":{"start":{"line":140,"column":8},"end":{"line":140,"column":20}},"47":{"start":{"line":144,"column":14},"end":{"line":144,"column":49}},"48":{"start":{"line":146,"column":0},"end":{"line":146,"column":23}}},"fnMap":{"0":{"name":"(anonymous_0)","decl":{"start":{"line":73,"column":29},"end":{"line":73,"column":30}},"loc":{"start":{"line":73,"column":67},"end":{"line":81,"column":1}},"line":73},"1":{"name":"(anonymous_1)","decl":{"start":{"line":83,"column":34},"end":{"line":83,"column":35}},"loc":{"start":{"line":83,"column":61},"end":{"line":93,"column":1}},"line":83},"2":{"name":"(anonymous_2)","decl":{"start":{"line":95,"column":38},"end":{"line":95,"column":39}},"loc":{"start":{"line":95,"column":63},"end":{"line":113,"column":1}},"line":95},"3":{"name":"(anonymous_3)","decl":{"start":{"line":116,"column":34},"end":{"line":116,"column":35}},"loc":{"start":{"line":116,"column":59},"end":{"line":130,"column":1}},"line":116},"4":{"name":"(anonymous_4)","decl":{"start":{"line":132,"column":34},"end":{"line":132,"column":35}},"loc":{"start":{"line":132,"column":61},"end":{"line":142,"column":1}},"line":132}},"branchMap":{"0":{"loc":{"start":{"line":75,"column":4},"end":{"line":80,"column":5}},"type":"if","locations":[{"start":{"line":75,"column":4},"end":{"line":80,"column":5}},{"start":{"line":75,"column":4},"end":{"line":80,"column":5}}],"line":75},"1":{"loc":{"start":{"line":76,"column":8},"end":{"line":79,"column":9}},"type":"if","locations":[{"start":{"line":76,"column":8},"end":{"line":79,"column":9}},{"start":{"line":76,"column":8},"end":{"line":79,"column":9}}],"line":76},"2":{"loc":{"start":{"line":85,"column":4},"end":{"line":92,"column":5}},"type":"if","locations":[{"start":{"line":85,"column":4},"end":{"line":92,"column":5}},{"start":{"line":85,"column":4},"end":{"line":92,"column":5}}],"line":85},"3":{"loc":{"start":{"line":86,"column":8},"end":{"line":91,"column":9}},"type":"if","locations":[{"start":{"line":86,"column":8},"end":{"line":91,"column":9}},{"start":{"line":86,"column":8},"end":{"line":91,"column":9}}],"line":86},"4":{"loc":{"start":{"line":97,"column":4},"end":{"line":112,"column":5}},"type":"if","locations":[{"start":{"line":97,"column":4},"end":{"line":112,"column":5}},{"start":{"line":97,"column":4},"end":{"line":112,"column":5}}],"line":97},"5":{"loc":{"start":{"line":99,"column":8},"end":{"line":110,"column":9}},"type":"if","locations":[{"start":{"line":99,"column":8},"end":{"line":110,"column":9}},{"start":{"line":99,"column":8},"end":{"line":110,"column":9}}],"line":99},"6":{"loc":{"start":{"line":103,"column":13},"end":{"line":110,"column":9}},"type":"if","locations":[{"start":{"line":103,"column":13},"end":{"line":110,"column":9}},{"start":{"line":103,"column":13},"end":{"line":110,"column":9}}],"line":103},"7":{"loc":{"start":{"line":118,"column":4},"end":{"line":129,"column":5}},"type":"if","locations":[{"start":{"line":118,"column":4},"end":{"line":129,"column":5}},{"start":{"line":118,"column":4},"end":{"line":129,"column":5}}],"line":118},"8":{"loc":{"start":{"line":120,"column":8},"end":{"line":127,"column":9}},"type":"if","locations":[{"start":{"line":120,"column":8},"end":{"line":127,"column":9}},{"start":{"line":120,"column":8},"end":{"line":127,"column":9}}],"line":120},"9":{"loc":{"start":{"line":134,"column":4},"end":{"line":141,"column":5}},"type":"if","locations":[{"start":{"line":134,"column":4},"end":{"line":141,"column":5}},{"start":{"line":134,"column":4},"end":{"line":141,"column":5}}],"line":134},"10":{"loc":{"start":{"line":135,"column":8},"end":{"line":139,"column":9}},"type":"if","locations":[{"start":{"line":135,"column":8},"end":{"line":139,"column":9}},{"start":{"line":135,"column":8},"end":{"line":139,"column":9}}],"line":135}},"s":{"0":1,"1":1,"2":1,"3":3,"4":3,"5":2,"6":1,"7":1,"8":1,"9":3,"10":3,"11":2,"12":1,"13":1,"14":1,"15":1,"16":1,"17":3,"18":3,"19":3,"20":3,"21":1,"22":1,"23":2,"24":1,"25":1,"26":1,"27":1,"28":3,"29":1,"30":2,"31":2,"32":2,"33":2,"34":1,"35":1,"36":1,"37":1,"38":2,"39":1,"40":2,"41":2,"42":2,"43":1,"44":1,"45":1,"46":2,"47":1,"48":1},"f":{"0":3,"1":3,"2":3,"3":2,"4":2},"b":{"0":[2,1],"1":[1,1],"2":[2,1],"3":[1,1],"4":[3,0],"5":[1,2],"6":[1,1],"7":[2,0],"8":[1,1],"9":[2,0],"10":[1,1]},"_coverageSchema":"1a1c01bbd47fc00a2c39e90264f33305004495a9","hash":"4d491a8602e59797688430ec9aca9179bf010ea7","contentHash":"ad6f6c8208068b7223341dd13fb06aef6ee1835b1f9af1123a6bc3c9c1a5db90"},"/home/prabhu/Projects/task_1/controllers/helper.js":{"path":"/home/prabhu/Projects/task_1/controllers/helper.js","statementMap":{"0":{"start":{"line":1,"column":0},"end":{"line":1,"column":27}},"1":{"start":{"line":2,"column":15},"end":{"line":2,"column":40}},"2":{"start":{"line":3,"column":13},"end":{"line":3,"column":36}},"3":{"start":{"line":4,"column":13},"end":{"line":4,"column":35}},"4":{"start":{"line":7,"column":18},"end":{"line":7,"column":57}},"5":{"start":{"line":9,"column":4},"end":{"line":11,"column":5}},"6":{"start":{"line":10,"column":8},"end":{"line":10,"column":42}},"7":{"start":{"line":13,"column":4},"end":{"line":15,"column":5}},"8":{"start":{"line":14,"column":8},"end":{"line":14,"column":48}},"9":{"start":{"line":17,"column":4},"end":{"line":20,"column":5}},"10":{"start":{"line":18,"column":8},"end":{"line":18,"column":52}},"11":{"start":{"line":19,"column":8},"end":{"line":19,"column":21}},"12":{"start":{"line":21,"column":4},"end":{"line":25,"column":5}},"13":{"start":{"line":22,"column":8},"end":{"line":24,"column":11}},"14":{"start":{"line":23,"column":12},"end":{"line":23,"column":56}},"15":{"start":{"line":27,"column":4},"end":{"line":27,"column":17}},"16":{"start":{"line":33,"column":18},"end":{"line":33,"column":33}},"17":{"start":{"line":34,"column":4},"end":{"line":41,"column":5}},"18":{"start":{"line":35,"column":8},"end":{"line":40,"column":10}},"19":{"start":{"line":36,"column":12},"end":{"line":39,"column":13}},"20":{"start":{"line":37,"column":29},"end":{"line":37,"column":65}},"21":{"start":{"line":38,"column":16},"end":{"line":38,"column":35}},"22":{"start":{"line":44,"column":0},"end":{"line":44,"column":22}},"23":{"start":{"line":45,"column":20},"end":{"line":47,"column":1}},"24":{"start":{"line":46,"column":4},"end":{"line":46,"column":55}},"25":{"start":{"line":51,"column":16},"end":{"line":51,"column":22}},"26":{"start":{"line":52,"column":16},"end":{"line":52,"column":22}},"27":{"start":{"line":53,"column":4},"end":{"line":53,"column":61}},"28":{"start":{"line":61,"column":0},"end":{"line":61,"column":71}}},"fnMap":{"0":{"name":"handleErrors","decl":{"start":{"line":6,"column":9},"end":{"line":6,"column":21}},"loc":{"start":{"line":6,"column":26},"end":{"line":28,"column":1}},"line":6},"1":{"name":"(anonymous_1)","decl":{"start":{"line":22,"column":42},"end":{"line":22,"column":43}},"loc":{"start":{"line":22,"column":58},"end":{"line":24,"column":9}},"line":22},"2":{"name":"getUser","decl":{"start":{"line":32,"column":9},"end":{"line":32,"column":16}},"loc":{"start":{"line":32,"column":31},"end":{"line":42,"column":1}},"line":32},"3":{"name":"(anonymous_3)","decl":{"start":{"line":35,"column":34},"end":{"line":35,"column":35}},"loc":{"start":{"line":35,"column":63},"end":{"line":40,"column":9}},"line":35},"4":{"name":"(anonymous_4)","decl":{"start":{"line":45,"column":20},"end":{"line":45,"column":21}},"loc":{"start":{"line":45,"column":26},"end":{"line":47,"column":1}},"line":45},"5":{"name":"generateRandomCode","decl":{"start":{"line":50,"column":9},"end":{"line":50,"column":27}},"loc":{"start":{"line":50,"column":30},"end":{"line":54,"column":1}},"line":50}},"branchMap":{"0":{"loc":{"start":{"line":9,"column":4},"end":{"line":11,"column":5}},"type":"if","locations":[{"start":{"line":9,"column":4},"end":{"line":11,"column":5}},{"start":{"line":9,"column":4},"end":{"line":11,"column":5}}],"line":9},"1":{"loc":{"start":{"line":13,"column":4},"end":{"line":15,"column":5}},"type":"if","locations":[{"start":{"line":13,"column":4},"end":{"line":15,"column":5}},{"start":{"line":13,"column":4},"end":{"line":15,"column":5}}],"line":13},"2":{"loc":{"start":{"line":17,"column":4},"end":{"line":20,"column":5}},"type":"if","locations":[{"start":{"line":17,"column":4},"end":{"line":20,"column":5}},{"start":{"line":17,"column":4},"end":{"line":20,"column":5}}],"line":17},"3":{"loc":{"start":{"line":21,"column":4},"end":{"line":25,"column":5}},"type":"if","locations":[{"start":{"line":21,"column":4},"end":{"line":25,"column":5}},{"start":{"line":21,"column":4},"end":{"line":25,"column":5}}],"line":21},"4":{"loc":{"start":{"line":34,"column":4},"end":{"line":41,"column":5}},"type":"if","locations":[{"start":{"line":34,"column":4},"end":{"line":41,"column":5}},{"start":{"line":34,"column":4},"end":{"line":41,"column":5}}],"line":34},"5":{"loc":{"start":{"line":36,"column":12},"end":{"line":39,"column":13}},"type":"if","locations":[{"start":{"line":36,"column":12},"end":{"line":39,"column":13}},{"start":{"line":36,"column":12},"end":{"line":39,"column":13}}],"line":36}},"s":{"0":2,"1":2,"2":2,"3":2,"4":5,"5":5,"6":1,"7":5,"8":1,"9":5,"10":1,"11":1,"12":4,"13":1,"14":2,"15":4,"16":1,"17":1,"18":1,"19":1,"20":1,"21":1,"22":2,"23":2,"24":1,"25":1,"26":1,"27":1,"28":2},"f":{"0":5,"1":2,"2":1,"3":1,"4":1,"5":1},"b":{"0":[1,4],"1":[1,4],"2":[1,4],"3":[1,3],"4":[1,0],"5":[1,0]},"_coverageSchema":"1a1c01bbd47fc00a2c39e90264f33305004495a9","hash":"c7c7a588f4e7ebe8f1adeb3bafd8a0c1ff4c1866","contentHash":"0b7d7d307548e714cf90d0d95cc8dd58360bb736b21519a0e6ac60eadf1e930e"},"/home/prabhu/Projects/task_1/routes/games.js":{"path":"/home/prabhu/Projects/task_1/routes/games.js","statementMap":{"0":{"start":{"line":1,"column":19},"end":{"line":1,"column":37}},"1":{"start":{"line":2,"column":15},"end":{"line":2,"column":23}},"2":{"start":{"line":3,"column":35},"end":{"line":3,"column":74}},"3":{"start":{"line":4,"column":146},"end":{"line":4,"column":186}},"4":{"start":{"line":7,"column":0},"end":{"line":7,"column":27}},"5":{"start":{"line":8,"column":0},"end":{"line":8,"column":46}},"6":{"start":{"line":9,"column":0},"end":{"line":9,"column":43}},"7":{"start":{"line":10,"column":0},"end":{"line":10,"column":50}},"8":{"start":{"line":11,"column":0},"end":{"line":11,"column":42}},"9":{"start":{"line":12,"column":0},"end":{"line":12,"column":42}},"10":{"start":{"line":13,"column":0},"end":{"line":13,"column":41}},"11":{"start":{"line":14,"column":0},"end":{"line":14,"column":24}},"12":{"start":{"line":16,"column":0},"end":{"line":16,"column":54}},"13":{"start":{"line":17,"column":0},"end":{"line":17,"column":46}},"14":{"start":{"line":18,"column":0},"end":{"line":18,"column":44}},"15":{"start":{"line":19,"column":0},"end":{"line":19,"column":46}},"16":{"start":{"line":20,"column":0},"end":{"line":20,"column":44}},"17":{"start":{"line":23,"column":0},"end":{"line":23,"column":24}}},"fnMap":{},"branchMap":{},"s":{"0":1,"1":1,"2":1,"3":1,"4":1,"5":1,"6":1,"7":1,"8":1,"9":1,"10":1,"11":1,"12":1,"13":1,"14":1,"15":1,"16":1,"17":1},"f":{},"b":{},"_coverageSchema":"1a1c01bbd47fc00a2c39e90264f33305004495a9","hash":"b089b10431373dfb0699aeb4c81d9cf3a05c0ef1","contentHash":"8bce94ec8c8a3a0306f82167e1f2d74abb974f59654cad131551fdbd50c1a981"},"/home/prabhu/Projects/task_1/controllers/gamecontroller.js":{"path":"/home/prabhu/Projects/task_1/controllers/gamecontroller.js","statementMap":{"0":{"start":{"line":1,"column":14},"end":{"line":1,"column":40}},"1":{"start":{"line":2,"column":18},"end":{"line":2,"column":50}},"2":{"start":{"line":4,"column":0},"end":{"line":6,"column":1}},"3":{"start":{"line":5,"column":4},"end":{"line":5,"column":37}},"4":{"start":{"line":8,"column":0},"end":{"line":8,"column":55}},"5":{"start":{"line":8,"column":34},"end":{"line":8,"column":53}},"6":{"start":{"line":10,"column":0},"end":{"line":14,"column":1}},"7":{"start":{"line":11,"column":18},"end":{"line":11,"column":33}},"8":{"start":{"line":12,"column":4},"end":{"line":13,"column":45}},"9":{"start":{"line":12,"column":14},"end":{"line":12,"column":35}},"10":{"start":{"line":13,"column":9},"end":{"line":13,"column":45}},"11":{"start":{"line":16,"column":0},"end":{"line":25,"column":1}},"12":{"start":{"line":17,"column":4},"end":{"line":24,"column":7}},"13":{"start":{"line":18,"column":8},"end":{"line":23,"column":9}},"14":{"start":{"line":19,"column":12},"end":{"line":19,"column":69}},"15":{"start":{"line":21,"column":41},"end":{"line":21,"column":49}},"16":{"start":{"line":22,"column":25},"end":{"line":22,"column":72}},"17":{"start":{"line":28,"column":0},"end":{"line":30,"column":1}},"18":{"start":{"line":29,"column":4},"end":{"line":29,"column":36}},"19":{"start":{"line":33,"column":0},"end":{"line":42,"column":1}},"20":{"start":{"line":34,"column":4},"end":{"line":41,"column":7}},"21":{"start":{"line":35,"column":8},"end":{"line":40,"column":9}},"22":{"start":{"line":36,"column":12},"end":{"line":36,"column":69}},"23":{"start":{"line":38,"column":30},"end":{"line":38,"column":38}},"24":{"start":{"line":39,"column":25},"end":{"line":39,"column":66}},"25":{"start":{"line":45,"column":0},"end":{"line":47,"column":1}},"26":{"start":{"line":46,"column":4},"end":{"line":46,"column":42}},"27":{"start":{"line":50,"column":0},"end":{"line":60,"column":1}},"28":{"start":{"line":51,"column":4},"end":{"line":59,"column":7}},"29":{"start":{"line":52,"column":8},"end":{"line":58,"column":9}},"30":{"start":{"line":53,"column":12},"end":{"line":53,"column":31}},"31":{"start":{"line":54,"column":12},"end":{"line":54,"column":69}},"32":{"start":{"line":56,"column":28},"end":{"line":56,"column":36}},"33":{"start":{"line":57,"column":25},"end":{"line":57,"column":69}},"34":{"start":{"line":63,"column":0},"end":{"line":65,"column":1}},"35":{"start":{"line":64,"column":4},"end":{"line":64,"column":35}},"36":{"start":{"line":66,"column":0},"end":{"line":76,"column":1}},"37":{"start":{"line":67,"column":4},"end":{"line":75,"column":6}},"38":{"start":{"line":68,"column":8},"end":{"line":74,"column":9}},"39":{"start":{"line":69,"column":12},"end":{"line":69,"column":31}},"40":{"start":{"line":70,"column":12},"end":{"line":70,"column":69}},"41":{"start":{"line":72,"column":30},"end":{"line":72,"column":38}},"42":{"start":{"line":73,"column":25},"end":{"line":73,"column":67}},"43":{"start":{"line":79,"column":0},"end":{"line":81,"column":1}},"44":{"start":{"line":80,"column":4},"end":{"line":80,"column":36}},"45":{"start":{"line":82,"column":0},"end":{"line":92,"column":1}},"46":{"start":{"line":83,"column":4},"end":{"line":91,"column":7}},"47":{"start":{"line":84,"column":8},"end":{"line":90,"column":9}},"48":{"start":{"line":85,"column":12},"end":{"line":85,"column":31}},"49":{"start":{"line":86,"column":12},"end":{"line":86,"column":69}},"50":{"start":{"line":88,"column":28},"end":{"line":88,"column":36}},"51":{"start":{"line":89,"column":25},"end":{"line":89,"column":65}}},"fnMap":{"0":{"name":"(anonymous_0)","decl":{"start":{"line":4,"column":20},"end":{"line":4,"column":21}},"loc":{"start":{"line":4,"column":33},"end":{"line":6,"column":1}},"line":4},"1":{"name":"(anonymous_1)","decl":{"start":{"line":8,"column":19},"end":{"line":8,"column":20}},"loc":{"start":{"line":8,"column":32},"end":{"line":8,"column":54}},"line":8},"2":{"name":"(anonymous_2)","decl":{"start":{"line":10,"column":19},"end":{"line":10,"column":20}},"loc":{"start":{"line":10,"column":30},"end":{"line":14,"column":1}},"line":10},"3":{"name":"(anonymous_3)","decl":{"start":{"line":16,"column":21},"end":{"line":16,"column":22}},"loc":{"start":{"line":16,"column":40},"end":{"line":25,"column":1}},"line":16},"4":{"name":"(anonymous_4)","decl":{"start":{"line":17,"column":17},"end":{"line":17,"column":18}},"loc":{"start":{"line":17,"column":38},"end":{"line":24,"column":5}},"line":17},"5":{"name":"(anonymous_5)","decl":{"start":{"line":28,"column":19},"end":{"line":28,"column":20}},"loc":{"start":{"line":28,"column":32},"end":{"line":30,"column":1}},"line":28},"6":{"name":"(anonymous_6)","decl":{"start":{"line":33,"column":20},"end":{"line":33,"column":21}},"loc":{"start":{"line":33,"column":37},"end":{"line":42,"column":1}},"line":33},"7":{"name":"(anonymous_7)","decl":{"start":{"line":34,"column":17},"end":{"line":34,"column":18}},"loc":{"start":{"line":34,"column":38},"end":{"line":41,"column":5}},"line":34},"8":{"name":"(anonymous_8)","decl":{"start":{"line":45,"column":23},"end":{"line":45,"column":24}},"loc":{"start":{"line":45,"column":34},"end":{"line":47,"column":1}},"line":45},"9":{"name":"(anonymous_9)","decl":{"start":{"line":50,"column":24},"end":{"line":50,"column":25}},"loc":{"start":{"line":50,"column":41},"end":{"line":60,"column":1}},"line":50},"10":{"name":"(anonymous_10)","decl":{"start":{"line":51,"column":17},"end":{"line":51,"column":18}},"loc":{"start":{"line":51,"column":38},"end":{"line":59,"column":5}},"line":51},"11":{"name":"(anonymous_11)","decl":{"start":{"line":63,"column":19},"end":{"line":63,"column":20}},"loc":{"start":{"line":63,"column":30},"end":{"line":65,"column":1}},"line":63},"12":{"name":"(anonymous_12)","decl":{"start":{"line":66,"column":20},"end":{"line":66,"column":21}},"loc":{"start":{"line":66,"column":37},"end":{"line":76,"column":1}},"line":66},"13":{"name":"(anonymous_13)","decl":{"start":{"line":67,"column":17},"end":{"line":67,"column":18}},"loc":{"start":{"line":67,"column":35},"end":{"line":75,"column":5}},"line":67},"14":{"name":"(anonymous_14)","decl":{"start":{"line":79,"column":19},"end":{"line":79,"column":20}},"loc":{"start":{"line":79,"column":30},"end":{"line":81,"column":1}},"line":79},"15":{"name":"(anonymous_15)","decl":{"start":{"line":82,"column":20},"end":{"line":82,"column":21}},"loc":{"start":{"line":82,"column":37},"end":{"line":92,"column":1}},"line":82},"16":{"name":"(anonymous_16)","decl":{"start":{"line":83,"column":17},"end":{"line":83,"column":18}},"loc":{"start":{"line":83,"column":38},"end":{"line":91,"column":5}},"line":83}},"branchMap":{"0":{"loc":{"start":{"line":12,"column":4},"end":{"line":13,"column":45}},"type":"if","locations":[{"start":{"line":12,"column":4},"end":{"line":13,"column":45}},{"start":{"line":12,"column":4},"end":{"line":13,"column":45}}],"line":12},"1":{"loc":{"start":{"line":18,"column":8},"end":{"line":23,"column":9}},"type":"if","locations":[{"start":{"line":18,"column":8},"end":{"line":23,"column":9}},{"start":{"line":18,"column":8},"end":{"line":23,"column":9}}],"line":18},"2":{"loc":{"start":{"line":35,"column":8},"end":{"line":40,"column":9}},"type":"if","locations":[{"start":{"line":35,"column":8},"end":{"line":40,"column":9}},{"start":{"line":35,"column":8},"end":{"line":40,"column":9}}],"line":35},"3":{"loc":{"start":{"line":52,"column":8},"end":{"line":58,"column":9}},"type":"if","locations":[{"start":{"line":52,"column":8},"end":{"line":58,"column":9}},{"start":{"line":52,"column":8},"end":{"line":58,"column":9}}],"line":52},"4":{"loc":{"start":{"line":68,"column":8},"end":{"line":74,"column":9}},"type":"if","locations":[{"start":{"line":68,"column":8},"end":{"line":74,"column":9}},{"start":{"line":68,"column":8},"end":{"line":74,"column":9}}],"line":68},"5":{"loc":{"start":{"line":84,"column":8},"end":{"line":90,"column":9}},"type":"if","locations":[{"start":{"line":84,"column":8},"end":{"line":90,"column":9}},{"start":{"line":84,"column":8},"end":{"line":90,"column":9}}],"line":84}},"s":{"0":11,"1":11,"2":11,"3":1,"4":11,"5":1,"6":11,"7":2,"8":2,"9":1,"10":1,"11":11,"12":2,"13":2,"14":1,"15":1,"16":1,"17":11,"18":1,"19":11,"20":2,"21":2,"22":1,"23":1,"24":1,"25":11,"26":1,"27":11,"28":2,"29":2,"30":1,"31":1,"32":1,"33":1,"34":11,"35":1,"36":11,"37":2,"38":2,"39":1,"40":1,"41":1,"42":1,"43":11,"44":1,"45":11,"46":2,"47":2,"48":1,"49":1,"50":1,"51":1},"f":{"0":1,"1":1,"2":2,"3":2,"4":2,"5":1,"6":2,"7":2,"8":1,"9":2,"10":2,"11":1,"12":2,"13":2,"14":1,"15":2,"16":2},"b":{"0":[1,1],"1":[1,1],"2":[1,1],"3":[1,1],"4":[1,1],"5":[1,1]},"_coverageSchema":"1a1c01bbd47fc00a2c39e90264f33305004495a9","hash":"ca604c2c5d748a16aa0f99ae133128a2fbc09f45","contentHash":"4a091e5dbed2d6c6d1b88ca99a4dbe97fc5c09fbca4acad123d836c1168c4905"},"/home/prabhu/Projects/task_1/tests/gamecontroller.spec.js":{"path":"/home/prabhu/Projects/task_1/tests/gamecontroller.spec.js","statementMap":{"0":{"start":{"line":1,"column":19},"end":{"line":1,"column":34}},"1":{"start":{"line":2,"column":14},"end":{"line":2,"column":30}},"2":{"start":{"line":3,"column":19},"end":{"line":3,"column":40}},"3":{"start":{"line":4,"column":14},"end":{"line":4,"column":40}},"4":{"start":{"line":5,"column":93},"end":{"line":5,"column":133}},"5":{"start":{"line":6,"column":20},"end":{"line":6,"column":60}},"6":{"start":{"line":8,"column":0},"end":{"line":74,"column":2}},"7":{"start":{"line":9,"column":4},"end":{"line":20,"column":6}},"8":{"start":{"line":10,"column":20},"end":{"line":10,"column":22}},"9":{"start":{"line":11,"column":20},"end":{"line":14,"column":9}},"10":{"start":{"line":16,"column":8},"end":{"line":16,"column":27}},"11":{"start":{"line":18,"column":8},"end":{"line":18,"column":54}},"12":{"start":{"line":19,"column":8},"end":{"line":19,"column":59}},"13":{"start":{"line":22,"column":4},"end":{"line":33,"column":6}},"14":{"start":{"line":23,"column":20},"end":{"line":23,"column":22}},"15":{"start":{"line":24,"column":20},"end":{"line":27,"column":9}},"16":{"start":{"line":29,"column":8},"end":{"line":29,"column":26}},"17":{"start":{"line":31,"column":8},"end":{"line":31,"column":54}},"18":{"start":{"line":32,"column":8},"end":{"line":32,"column":58}},"19":{"start":{"line":35,"column":4},"end":{"line":46,"column":6}},"20":{"start":{"line":36,"column":20},"end":{"line":36,"column":22}},"21":{"start":{"line":37,"column":20},"end":{"line":40,"column":9}},"22":{"start":{"line":42,"column":8},"end":{"line":42,"column":30}},"23":{"start":{"line":44,"column":8},"end":{"line":44,"column":54}},"24":{"start":{"line":45,"column":8},"end":{"line":45,"column":64}},"25":{"start":{"line":49,"column":4},"end":{"line":60,"column":6}},"26":{"start":{"line":50,"column":20},"end":{"line":50,"column":22}},"27":{"start":{"line":51,"column":20},"end":{"line":54,"column":9}},"28":{"start":{"line":56,"column":8},"end":{"line":56,"column":26}},"29":{"start":{"line":58,"column":8},"end":{"line":58,"column":54}},"30":{"start":{"line":59,"column":8},"end":{"line":59,"column":58}},"31":{"start":{"line":62,"column":4},"end":{"line":73,"column":6}},"32":{"start":{"line":63,"column":20},"end":{"line":63,"column":22}},"33":{"start":{"line":64,"column":20},"end":{"line":67,"column":9}},"34":{"start":{"line":69,"column":8},"end":{"line":69,"column":26}},"35":{"start":{"line":71,"column":8},"end":{"line":71,"column":54}},"36":{"start":{"line":72,"column":8},"end":{"line":72,"column":58}},"37":{"start":{"line":77,"column":0},"end":{"line":262,"column":2}},"38":{"start":{"line":78,"column":4},"end":{"line":95,"column":6}},"39":{"start":{"line":79,"column":20},"end":{"line":79,"column":22}},"40":{"start":{"line":80,"column":20},"end":{"line":83,"column":9}},"41":{"start":{"line":84,"column":28},"end":{"line":86,"column":10}},"42":{"start":{"line":85,"column":12},"end":{"line":85,"column":46}},"43":{"start":{"line":87,"column":31},"end":{"line":89,"column":10}},"44":{"start":{"line":90,"column":8},"end":{"line":94,"column":10}},"45":{"start":{"line":91,"column":12},"end":{"line":93,"column":18}},"46":{"start":{"line":97,"column":4},"end":{"line":113,"column":7}},"47":{"start":{"line":98,"column":20},"end":{"line":98,"column":64}},"48":{"start":{"line":99,"column":20},"end":{"line":99,"column":22}},"49":{"start":{"line":100,"column":21},"end":{"line":100,"column":50}},"50":{"start":{"line":101,"column":28},"end":{"line":103,"column":10}},"51":{"start":{"line":102,"column":12},"end":{"line":102,"column":33}},"52":{"start":{"line":104,"column":27},"end":{"line":104,"column":65}},"53":{"start":{"line":105,"column":31},"end":{"line":108,"column":10}},"54":{"start":{"line":109,"column":8},"end":{"line":112,"column":23}},"55":{"start":{"line":110,"column":12},"end":{"line":110,"column":97}},"56":{"start":{"line":111,"column":12},"end":{"line":111,"column":19}},"57":{"start":{"line":115,"column":4},"end":{"line":132,"column":6}},"58":{"start":{"line":116,"column":20},"end":{"line":116,"column":22}},"59":{"start":{"line":117,"column":20},"end":{"line":120,"column":9}},"60":{"start":{"line":121,"column":28},"end":{"line":123,"column":10}},"61":{"start":{"line":122,"column":12},"end":{"line":122,"column":46}},"62":{"start":{"line":124,"column":31},"end":{"line":126,"column":10}},"63":{"start":{"line":127,"column":8},"end":{"line":131,"column":10}},"64":{"start":{"line":128,"column":12},"end":{"line":130,"column":18}},"65":{"start":{"line":134,"column":4},"end":{"line":150,"column":7}},"66":{"start":{"line":135,"column":20},"end":{"line":135,"column":46}},"67":{"start":{"line":136,"column":20},"end":{"line":136,"column":22}},"68":{"start":{"line":137,"column":21},"end":{"line":137,"column":50}},"69":{"start":{"line":138,"column":28},"end":{"line":140,"column":10}},"70":{"start":{"line":139,"column":12},"end":{"line":139,"column":33}},"71":{"start":{"line":141,"column":27},"end":{"line":141,"column":70}},"72":{"start":{"line":142,"column":31},"end":{"line":145,"column":10}},"73":{"start":{"line":146,"column":8},"end":{"line":149,"column":23}},"74":{"start":{"line":147,"column":12},"end":{"line":147,"column":76}},"75":{"start":{"line":148,"column":12},"end":{"line":148,"column":19}},"76":{"start":{"line":152,"column":4},"end":{"line":169,"column":6}},"77":{"start":{"line":153,"column":20},"end":{"line":153,"column":22}},"78":{"start":{"line":154,"column":20},"end":{"line":157,"column":9}},"79":{"start":{"line":158,"column":28},"end":{"line":160,"column":10}},"80":{"start":{"line":159,"column":12},"end":{"line":159,"column":46}},"81":{"start":{"line":161,"column":31},"end":{"line":163,"column":10}},"82":{"start":{"line":164,"column":8},"end":{"line":168,"column":10}},"83":{"start":{"line":165,"column":12},"end":{"line":167,"column":18}},"84":{"start":{"line":171,"column":4},"end":{"line":187,"column":7}},"85":{"start":{"line":172,"column":20},"end":{"line":172,"column":41}},"86":{"start":{"line":173,"column":20},"end":{"line":173,"column":22}},"87":{"start":{"line":174,"column":21},"end":{"line":174,"column":50}},"88":{"start":{"line":175,"column":28},"end":{"line":177,"column":10}},"89":{"start":{"line":176,"column":12},"end":{"line":176,"column":33}},"90":{"start":{"line":178,"column":27},"end":{"line":178,"column":74}},"91":{"start":{"line":179,"column":31},"end":{"line":182,"column":10}},"92":{"start":{"line":183,"column":8},"end":{"line":186,"column":23}},"93":{"start":{"line":184,"column":12},"end":{"line":184,"column":74}},"94":{"start":{"line":185,"column":12},"end":{"line":185,"column":19}},"95":{"start":{"line":189,"column":4},"end":{"line":206,"column":6}},"96":{"start":{"line":190,"column":20},"end":{"line":190,"column":22}},"97":{"start":{"line":191,"column":20},"end":{"line":194,"column":9}},"98":{"start":{"line":195,"column":28},"end":{"line":197,"column":10}},"99":{"start":{"line":196,"column":12},"end":{"line":196,"column":46}},"100":{"start":{"line":198,"column":31},"end":{"line":200,"column":10}},"101":{"start":{"line":201,"column":8},"end":{"line":205,"column":10}},"102":{"start":{"line":202,"column":12},"end":{"line":204,"column":18}},"103":{"start":{"line":208,"column":4},"end":{"line":224,"column":7}},"104":{"start":{"line":209,"column":20},"end":{"line":209,"column":45}},"105":{"start":{"line":210,"column":20},"end":{"line":210,"column":22}},"106":{"start":{"line":211,"column":21},"end":{"line":211,"column":50}},"107":{"start":{"line":212,"column":28},"end":{"line":214,"column":10}},"108":{"start":{"line":213,"column":12},"end":{"line":213,"column":33}},"109":{"start":{"line":215,"column":27},"end":{"line":215,"column":70}},"110":{"start":{"line":216,"column":31},"end":{"line":219,"column":10}},"111":{"start":{"line":220,"column":8},"end":{"line":223,"column":23}},"112":{"start":{"line":221,"column":12},"end":{"line":221,"column":76}},"113":{"start":{"line":222,"column":12},"end":{"line":222,"column":19}},"114":{"start":{"line":226,"column":4},"end":{"line":243,"column":6}},"115":{"start":{"line":227,"column":20},"end":{"line":227,"column":22}},"116":{"start":{"line":228,"column":20},"end":{"line":231,"column":9}},"117":{"start":{"line":232,"column":28},"end":{"line":234,"column":10}},"118":{"start":{"line":233,"column":12},"end":{"line":233,"column":46}},"119":{"start":{"line":235,"column":31},"end":{"line":237,"column":10}},"120":{"start":{"line":238,"column":8},"end":{"line":242,"column":10}},"121":{"start":{"line":239,"column":12},"end":{"line":241,"column":18}},"122":{"start":{"line":245,"column":4},"end":{"line":261,"column":7}},"123":{"start":{"line":246,"column":20},"end":{"line":246,"column":41}},"124":{"start":{"line":247,"column":20},"end":{"line":247,"column":22}},"125":{"start":{"line":248,"column":21},"end":{"line":248,"column":50}},"126":{"start":{"line":249,"column":28},"end":{"line":251,"column":10}},"127":{"start":{"line":250,"column":12},"end":{"line":250,"column":33}},"128":{"start":{"line":252,"column":27},"end":{"line":252,"column":70}},"129":{"start":{"line":253,"column":31},"end":{"line":256,"column":10}},"130":{"start":{"line":257,"column":8},"end":{"line":260,"column":23}},"131":{"start":{"line":258,"column":12},"end":{"line":258,"column":74}},"132":{"start":{"line":259,"column":12},"end":{"line":259,"column":19}},"133":{"start":{"line":264,"column":0},"end":{"line":290,"column":2}},"134":{"start":{"line":265,"column":4},"end":{"line":278,"column":6}},"135":{"start":{"line":266,"column":20},"end":{"line":270,"column":9}},"136":{"start":{"line":271,"column":20},"end":{"line":273,"column":9}},"137":{"start":{"line":275,"column":8},"end":{"line":275,"column":25}},"138":{"start":{"line":277,"column":8},"end":{"line":277,"column":53}},"139":{"start":{"line":280,"column":4},"end":{"line":289,"column":6}},"140":{"start":{"line":281,"column":20},"end":{"line":281,"column":44}},"141":{"start":{"line":282,"column":20},"end":{"line":284,"column":9}},"142":{"start":{"line":286,"column":8},"end":{"line":286,"column":25}},"143":{"start":{"line":288,"column":8},"end":{"line":288,"column":67}},"144":{"start":{"line":293,"column":0},"end":{"line":302,"column":2}},"145":{"start":{"line":294,"column":4},"end":{"line":301,"column":6}},"146":{"start":{"line":295,"column":20},"end":{"line":295,"column":22}},"147":{"start":{"line":296,"column":20},"end":{"line":298,"column":9}},"148":{"start":{"line":299,"column":8},"end":{"line":299,"column":26}},"149":{"start":{"line":300,"column":8},"end":{"line":300,"column":52}},"150":{"start":{"line":304,"column":0},"end":{"line":313,"column":2}},"151":{"start":{"line":305,"column":4},"end":{"line":312,"column":6}},"152":{"start":{"line":306,"column":20},"end":{"line":306,"column":22}},"153":{"start":{"line":307,"column":20},"end":{"line":309,"column":9}},"154":{"start":{"line":310,"column":8},"end":{"line":310,"column":25}},"155":{"start":{"line":311,"column":8},"end":{"line":311,"column":51}}},"fnMap":{"0":{"name":"(anonymous_0)","decl":{"start":{"line":8,"column":42},"end":{"line":8,"column":43}},"loc":{"start":{"line":8,"column":46},"end":{"line":74,"column":1}},"line":8},"1":{"name":"(anonymous_1)","decl":{"start":{"line":9,"column":38},"end":{"line":9,"column":39}},"loc":{"start":{"line":9,"column":42},"end":{"line":20,"column":5}},"line":9},"2":{"name":"(anonymous_2)","decl":{"start":{"line":22,"column":37},"end":{"line":22,"column":38}},"loc":{"start":{"line":22,"column":41},"end":{"line":33,"column":5}},"line":22},"3":{"name":"(anonymous_3)","decl":{"start":{"line":35,"column":41},"end":{"line":35,"column":42}},"loc":{"start":{"line":35,"column":45},"end":{"line":46,"column":5}},"line":35},"4":{"name":"(anonymous_4)","decl":{"start":{"line":49,"column":37},"end":{"line":49,"column":38}},"loc":{"start":{"line":49,"column":41},"end":{"line":60,"column":5}},"line":49},"5":{"name":"(anonymous_5)","decl":{"start":{"line":62,"column":37},"end":{"line":62,"column":38}},"loc":{"start":{"line":62,"column":41},"end":{"line":73,"column":5}},"line":62},"6":{"name":"(anonymous_6)","decl":{"start":{"line":77,"column":39},"end":{"line":77,"column":40}},"loc":{"start":{"line":77,"column":43},"end":{"line":262,"column":1}},"line":77},"7":{"name":"(anonymous_7)","decl":{"start":{"line":78,"column":60},"end":{"line":78,"column":61}},"loc":{"start":{"line":78,"column":64},"end":{"line":95,"column":5}},"line":78},"8":{"name":"(anonymous_8)","decl":{"start":{"line":84,"column":51},"end":{"line":84,"column":52}},"loc":{"start":{"line":84,"column":67},"end":{"line":86,"column":9}},"line":84},"9":{"name":"(anonymous_9)","decl":{"start":{"line":90,"column":48},"end":{"line":90,"column":49}},"loc":{"start":{"line":90,"column":52},"end":{"line":94,"column":9}},"line":90},"10":{"name":"(anonymous_10)","decl":{"start":{"line":97,"column":66},"end":{"line":97,"column":67}},"loc":{"start":{"line":97,"column":76},"end":{"line":113,"column":5}},"line":97},"11":{"name":"(anonymous_11)","decl":{"start":{"line":101,"column":51},"end":{"line":101,"column":52}},"loc":{"start":{"line":101,"column":70},"end":{"line":103,"column":9}},"line":101},"12":{"name":"(anonymous_12)","decl":{"start":{"line":109,"column":49},"end":{"line":109,"column":50}},"loc":{"start":{"line":109,"column":55},"end":{"line":112,"column":9}},"line":109},"13":{"name":"(anonymous_13)","decl":{"start":{"line":115,"column":59},"end":{"line":115,"column":60}},"loc":{"start":{"line":115,"column":63},"end":{"line":132,"column":5}},"line":115},"14":{"name":"(anonymous_14)","decl":{"start":{"line":121,"column":51},"end":{"line":121,"column":52}},"loc":{"start":{"line":121,"column":67},"end":{"line":123,"column":9}},"line":121},"15":{"name":"(anonymous_15)","decl":{"start":{"line":127,"column":47},"end":{"line":127,"column":48}},"loc":{"start":{"line":127,"column":51},"end":{"line":131,"column":9}},"line":127},"16":{"name":"(anonymous_16)","decl":{"start":{"line":134,"column":65},"end":{"line":134,"column":66}},"loc":{"start":{"line":134,"column":75},"end":{"line":150,"column":5}},"line":134},"17":{"name":"(anonymous_17)","decl":{"start":{"line":138,"column":51},"end":{"line":138,"column":52}},"loc":{"start":{"line":138,"column":70},"end":{"line":140,"column":9}},"line":138},"18":{"name":"(anonymous_18)","decl":{"start":{"line":146,"column":48},"end":{"line":146,"column":49}},"loc":{"start":{"line":146,"column":54},"end":{"line":149,"column":9}},"line":146},"19":{"name":"(anonymous_19)","decl":{"start":{"line":152,"column":63},"end":{"line":152,"column":64}},"loc":{"start":{"line":152,"column":67},"end":{"line":169,"column":5}},"line":152},"20":{"name":"(anonymous_20)","decl":{"start":{"line":158,"column":51},"end":{"line":158,"column":52}},"loc":{"start":{"line":158,"column":67},"end":{"line":160,"column":9}},"line":158},"21":{"name":"(anonymous_21)","decl":{"start":{"line":164,"column":51},"end":{"line":164,"column":52}},"loc":{"start":{"line":164,"column":55},"end":{"line":168,"column":9}},"line":164},"22":{"name":"(anonymous_22)","decl":{"start":{"line":171,"column":69},"end":{"line":171,"column":70}},"loc":{"start":{"line":171,"column":79},"end":{"line":187,"column":5}},"line":171},"23":{"name":"(anonymous_23)","decl":{"start":{"line":175,"column":51},"end":{"line":175,"column":52}},"loc":{"start":{"line":175,"column":70},"end":{"line":177,"column":9}},"line":175},"24":{"name":"(anonymous_24)","decl":{"start":{"line":183,"column":52},"end":{"line":183,"column":53}},"loc":{"start":{"line":183,"column":58},"end":{"line":186,"column":9}},"line":183},"25":{"name":"(anonymous_25)","decl":{"start":{"line":189,"column":59},"end":{"line":189,"column":60}},"loc":{"start":{"line":189,"column":63},"end":{"line":206,"column":5}},"line":189},"26":{"name":"(anonymous_26)","decl":{"start":{"line":195,"column":51},"end":{"line":195,"column":52}},"loc":{"start":{"line":195,"column":67},"end":{"line":197,"column":9}},"line":195},"27":{"name":"(anonymous_27)","decl":{"start":{"line":201,"column":47},"end":{"line":201,"column":48}},"loc":{"start":{"line":201,"column":51},"end":{"line":205,"column":9}},"line":201},"28":{"name":"(anonymous_28)","decl":{"start":{"line":208,"column":65},"end":{"line":208,"column":66}},"loc":{"start":{"line":208,"column":75},"end":{"line":224,"column":5}},"line":208},"29":{"name":"(anonymous_29)","decl":{"start":{"line":212,"column":51},"end":{"line":212,"column":52}},"loc":{"start":{"line":212,"column":70},"end":{"line":214,"column":9}},"line":212},"30":{"name":"(anonymous_30)","decl":{"start":{"line":220,"column":48},"end":{"line":220,"column":49}},"loc":{"start":{"line":220,"column":54},"end":{"line":223,"column":9}},"line":220},"31":{"name":"(anonymous_31)","decl":{"start":{"line":226,"column":59},"end":{"line":226,"column":60}},"loc":{"start":{"line":226,"column":63},"end":{"line":243,"column":5}},"line":226},"32":{"name":"(anonymous_32)","decl":{"start":{"line":232,"column":51},"end":{"line":232,"column":52}},"loc":{"start":{"line":232,"column":67},"end":{"line":234,"column":9}},"line":232},"33":{"name":"(anonymous_33)","decl":{"start":{"line":238,"column":47},"end":{"line":238,"column":48}},"loc":{"start":{"line":238,"column":51},"end":{"line":242,"column":9}},"line":238},"34":{"name":"(anonymous_34)","decl":{"start":{"line":245,"column":65},"end":{"line":245,"column":66}},"loc":{"start":{"line":245,"column":75},"end":{"line":261,"column":5}},"line":245},"35":{"name":"(anonymous_35)","decl":{"start":{"line":249,"column":51},"end":{"line":249,"column":52}},"loc":{"start":{"line":249,"column":70},"end":{"line":251,"column":9}},"line":249},"36":{"name":"(anonymous_36)","decl":{"start":{"line":257,"column":48},"end":{"line":257,"column":49}},"loc":{"start":{"line":257,"column":54},"end":{"line":260,"column":9}},"line":257},"37":{"name":"(anonymous_37)","decl":{"start":{"line":264,"column":25},"end":{"line":264,"column":26}},"loc":{"start":{"line":264,"column":29},"end":{"line":290,"column":1}},"line":264},"38":{"name":"(anonymous_38)","decl":{"start":{"line":265,"column":44},"end":{"line":265,"column":45}},"loc":{"start":{"line":265,"column":48},"end":{"line":278,"column":5}},"line":265},"39":{"name":"(anonymous_39)","decl":{"start":{"line":280,"column":48},"end":{"line":280,"column":49}},"loc":{"start":{"line":280,"column":52},"end":{"line":289,"column":5}},"line":280},"40":{"name":"(anonymous_40)","decl":{"start":{"line":293,"column":26},"end":{"line":293,"column":27}},"loc":{"start":{"line":293,"column":30},"end":{"line":302,"column":1}},"line":293},"41":{"name":"(anonymous_41)","decl":{"start":{"line":294,"column":18},"end":{"line":294,"column":19}},"loc":{"start":{"line":294,"column":22},"end":{"line":301,"column":5}},"line":294},"42":{"name":"(anonymous_42)","decl":{"start":{"line":304,"column":25},"end":{"line":304,"column":26}},"loc":{"start":{"line":304,"column":29},"end":{"line":313,"column":1}},"line":304},"43":{"name":"(anonymous_43)","decl":{"start":{"line":305,"column":17},"end":{"line":305,"column":18}},"loc":{"start":{"line":305,"column":21},"end":{"line":312,"column":5}},"line":305}},"branchMap":{},"s":{"0":1,"1":1,"2":1,"3":1,"4":1,"5":1,"6":1,"7":1,"8":1,"9":1,"10":1,"11":1,"12":1,"13":1,"14":1,"15":1,"16":1,"17":1,"18":1,"19":1,"20":1,"21":1,"22":1,"23":1,"24":1,"25":1,"26":1,"27":1,"28":1,"29":1,"30":1,"31":1,"32":1,"33":1,"34":1,"35":1,"36":1,"37":1,"38":1,"39":1,"40":1,"41":1,"42":1,"43":1,"44":1,"45":1,"46":1,"47":1,"48":1,"49":1,"50":1,"51":1,"52":1,"53":1,"54":1,"55":1,"56":1,"57":1,"58":1,"59":1,"60":1,"61":1,"62":1,"63":1,"64":1,"65":1,"66":1,"67":1,"68":1,"69":1,"70":1,"71":1,"72":1,"73":1,"74":1,"75":1,"76":1,"77":1,"78":1,"79":1,"80":1,"81":1,"82":1,"83":1,"84":1,"85":1,"86":1,"87":1,"88":1,"89":1,"90":1,"91":1,"92":1,"93":1,"94":1,"95":1,"96":1,"97":1,"98":1,"99":1,"100":1,"101":1,"102":1,"103":1,"104":1,"105":1,"106":1,"107":1,"108":1,"109":1,"110":1,"111":1,"112":1,"113":1,"114":1,"115":1,"116":1,"117":1,"118":1,"119":1,"120":1,"121":1,"122":1,"123":1,"124":1,"125":1,"126":1,"127":1,"128":1,"129":1,"130":1,"131":1,"132":1,"133":1,"134":1,"135":1,"136":1,"137":1,"138":1,"139":1,"140":1,"141":1,"142":1,"143":1,"144":1,"145":1,"146":1,"147":1,"148":1,"149":1,"150":1,"151":1,"152":1,"153":1,"154":1,"155":1},"f":{"0":1,"1":1,"2":1,"3":1,"4":1,"5":1,"6":1,"7":1,"8":1,"9":1,"10":1,"11":1,"12":1,"13":1,"14":1,"15":1,"16":1,"17":1,"18":1,"19":1,"20":1,"21":1,"22":1,"23":1,"24":1,"25":1,"26":1,"27":1,"28":1,"29":1,"30":1,"31":1,"32":1,"33":1,"34":1,"35":1,"36":1,"37":1,"38":1,"39":1,"40":1,"41":1,"42":1,"43":1},"b":{},"_coverageSchema":"1a1c01bbd47fc00a2c39e90264f33305004495a9","hash":"3cf42c1823ff3abb4f738a2c92c41d2d209d248c","contentHash":"463070064f0f86e07921a2594a281d4ba185d060db5a663d2742097aa60bc945"},"/home/prabhu/Projects/task_1/tests/helper.spec.js":{"path":"/home/prabhu/Projects/task_1/tests/helper.spec.js","statementMap":{"0":{"start":{"line":1,"column":17},"end":{"line":1,"column":32}},"1":{"start":{"line":2,"column":14},"end":{"line":2,"column":30}},"2":{"start":{"line":3,"column":19},"end":{"line":3,"column":40}},"3":{"start":{"line":4,"column":0},"end":{"line":4,"column":27}},"4":{"start":{"line":5,"column":12},"end":{"line":5,"column":35}},"5":{"start":{"line":6,"column":59},"end":{"line":6,"column":91}},"6":{"start":{"line":8,"column":0},"end":{"line":47,"column":4}},"7":{"start":{"line":9,"column":4},"end":{"line":46,"column":6}},"8":{"start":{"line":10,"column":6},"end":{"line":45,"column":9}},"9":{"start":{"line":11,"column":20},"end":{"line":15,"column":9}},"10":{"start":{"line":17,"column":21},"end":{"line":17,"column":60}},"11":{"start":{"line":19,"column":24},"end":{"line":23,"column":9}},"12":{"star
[...]
,"41":1,"42":1,"43":1,"44":1,"45":1,"46":1,"47":1,"48":1,"49":1,"50":1,"51":1,"52":1,"53":1,"54":1,"55":1,"56":1,"57":1,"58":1,"59":1,"60":1,"61":1,"62":1,"63":1},"f":{"0":1,"1":3,"2":3,"3":1,"4":1,"5":1,"6":1,"7":3,"8":3,"9":1,"10":1,"11":1},"b":{},"_coverageSchema":"1a1c01bbd47fc00a2c39e90264f33305004495a9","hash":"09211abe4bfc179767f88a05268b11177b063b37","contentHash":"4b417052b1be39266e4ed913bd891e17cb20bf15ae308097a0632aba18e6e69b"},"/home/prabhu/Projects/task_1/tests/models.spec.js":{"path":"/home/prabhu/Projects/task_1/tests/models.spec.js","statementMap":{"0":{"start":{"line":1,"column":19},"end":{"line":1,"column":34}},"1":{"start":{"line":2,"column":25},"end":{"line":2,"column":50}},"2":{"start":{"line":3,"column":14},"end":{"line":3,"column":30}},"3":{"start":{"line":4,"column":16},"end":{"line":4,"column":37}},"4":{"start":{"line":5,"column":15},"end":{"line":5,"column":32}},"5":{"start":{"line":6,"column":17},"end":{"line":6,"column":36}},"6":{"start":{"line":7,"column":15},"end":{"line":7,"column":40}},"7":{"start":{"line":8,"column":14},"end":{"line":8,"column":40}},"8":{"start":{"line":10,"column":0},"end":{"line":61,"column":3}},"9":{"start":{"line":11,"column":2},"end":{"line":60,"column":5}},"10":{"start":{"line":12,"column":4},"end":{"line":29,"column":7}},"11":{"start":{"line":13,"column":19},"end":{"line":16,"column":7}},"12":{"start":{"line":18,"column":26},"end":{"line":18,"column":68}},"13":{"start":{"line":19,"column":26},"end":{"line":19,"column":70}},"14":{"start":{"line":20,"column":21},"end":{"line":20,"column":69}},"15":{"start":{"line":22,"column":6},"end":{"line":22,"column":83}},"16":{"start":{"line":23,"column":6},"end":{"line":23,"column":79}},"17":{"start":{"line":24,"column":6},"end":{"line":24,"column":41}},"18":{"start":{"line":27,"column":6},"end":{"line":27,"column":28}},"19":{"start":{"line":28,"column":6},"end":{"line":28,"column":28}},"20":{"start":{"line":32,"column":4},"end":{"line":43,"column":7}},"21":{"start":{"line":33,"column":6},"end":{"line":33,"column":49}},"22":{"start":{"line":35,"column":6},"end":{"line":40,"column":7}},"23":{"start":{"line":36,"column":8},"end":{"line":36,"column":64}},"24":{"start":{"line":37,"column":8},"end":{"line":37,"column":60}},"25":{"start":{"line":39,"column":8},"end":{"line":39,"column":60}},"26":{"start":{"line":42,"column":6},"end":{"line":42,"column":22}},"27":{"start":{"line":46,"column":4},"end":{"line":59,"column":7}},"28":{"start":{"line":47,"column":19},"end":{"line":50,"column":7}},"29":{"start":{"line":51,"column":6},"end":{"line":58,"column":7}},"30":{"start":{"line":52,"column":8},"end":{"line":52,"column":51}},"31":{"start":{"line":53,"column":8},"end":{"line":53,"column":54}},"32":{"start":{"line":54,"column":8},"end":{"line":54,"column":62}},"33":{"start":{"line":55,"column":8},"end":{"line":55,"column":36}},"34":{"start":{"line":57,"column":10},"end":{"line":57,"column":64}},"35":{"start":{"line":65,"column":0},"end":{"line":81,"column":3}},"36":{"start":{"line":66,"column":2},"end":{"line":72,"column":5}},"37":{"start":{"line":67,"column":27},"end":{"line":67,"column":69}},"38":{"start":{"line":69,"column":4},"end":{"line":71,"column":7}},"39":{"start":{"line":70,"column":6},"end":{"line":70,"column":49}},"40":{"start":{"line":74,"column":2},"end":{"line":80,"column":5}},"41":{"start":{"line":75,"column":29},"end":{"line":75,"column":63}},"42":{"start":{"line":77,"column":4},"end":{"line":79,"column":7}},"43":{"start":{"line":78,"column":6},"end":{"line":78,"column":50}},"44":{"start":{"line":85,"column":0},"end":{"line":318,"column":3}},"45":{"start":{"line":86,"column":2},"end":{"line":129,"column":5}},"46":{"start":{"line":87,"column":4},"end":{"line":104,"column":7}},"47":{"start":{"line":88,"column":27},"end":{"line":96,"column":7}},"48":{"start":{"line":97,"column":6},"end":{"line":97,"column":58}},"49":{"start":{"line":98,"column":6},"end":{"line":98,"column":58}},"50":{"start":{"line":100,"column":6},"end":{"line":100,"column":57}},"51":{"start":{"line":101,"column":6},"end":{"line":101,"column":54}},"52":{"start":{"line":103,"column":6},"end":{"line":103,"column":22}},"53":{"start":{"line":106,"column":4},"end":{"line":121,"column":7}},"54":{"start":{"line":107,"column":27},"end":{"line":115,"column":7}},"55":{"start":{"line":116,"column":6},"end":{"line":116,"column":58}},"56":{"start":{"line":117,"column":6},"end":{"line":117,"column":59}},"57":{"start":{"line":118,"column":6},"end":{"line":118,"column":58}},"58":{"start":{"line":119,"column":6},"end":{"line":119,"column":51}},"59":{"start":{"line":120,"column":6},"end":{"line":120,"column":22}},"60":{"start":{"line":123,"column":4},"end":{"line":128,"column":7}},"61":{"start":{"line":124,"column":6},"end":{"line":124,"column":50}},"62":{"start":{"line":126,"column":6},"end":{"line":126,"column":65}},"63":{"start":{"line":127,"column":6},"end":{"line":127,"column":22}},"64":{"start":{"line":132,"column":2},"end":{"line":170,"column":4}},"65":{"start":{"line":133,"column":4},"end":{"line":147,"column":6}},"66":{"start":{"line":134,"column":19},"end":{"line":139,"column":7}},"67":{"start":{"line":141,"column":6},"end":{"line":141,"column":49}},"68":{"start":{"line":142,"column":6},"end":{"line":142,"column":55}},"69":{"start":{"line":143,"column":6},"end":{"line":143,"column":44}},"70":{"start":{"line":144,"column":6},"end":{"line":144,"column":44}},"71":{"start":{"line":145,"column":6},"end":{"line":145,"column":42}},"72":{"start":{"line":146,"column":6},"end":{"line":146,"column":22}},"73":{"start":{"line":149,"column":4},"end":{"line":163,"column":6}},"74":{"start":{"line":150,"column":19},"end":{"line":155,"column":7}},"75":{"start":{"line":157,"column":6},"end":{"line":157,"column":49}},"76":{"start":{"line":158,"column":6},"end":{"line":158,"column":54}},"77":{"start":{"line":159,"column":6},"end":{"line":159,"column":44}},"78":{"start":{"line":160,"column":6},"end":{"line":160,"column":44}},"79":{"start":{"line":161,"column":6},"end":{"line":161,"column":43}},"80":{"start":{"line":162,"column":6},"end":{"line":162,"column":22}},"81":{"start":{"line":165,"column":4},"end":{"line":169,"column":6}},"82":{"start":{"line":166,"column":6},"end":{"line":166,"column":49}},"83":{"start":{"line":167,"column":6},"end":{"line":167,"column":54}},"84":{"start":{"line":168,"column":6},"end":{"line":168,"column":22}},"85":{"start":{"line":172,"column":2},"end":{"line":241,"column":4}},"86":{"start":{"line":173,"column":4},"end":{"line":194,"column":6}},"87":{"start":{"line":174,"column":19},"end":{"line":184,"column":7}},"88":{"start":{"line":185,"column":6},"end":{"line":185,"column":49}},"89":{"start":{"line":186,"column":6},"end":{"line":186,"column":52}},"90":{"start":{"line":187,"column":6},"end":{"line":187,"column":48}},"91":{"start":{"line":188,"column":6},"end":{"line":188,"column":45}},"92":{"start":{"line":189,"column":6},"end":{"line":189,"column":46}},"93":{"start":{"line":190,"column":6},"end":{"line":190,"column":46}},"94":{"start":{"line":191,"column":6},"end":{"line":191,"column":45}},"95":{"start":{"line":192,"column":6},"end":{"line":192,"column":42}},"96":{"start":{"line":193,"column":6},"end":{"line":193,"column":22}},"97":{"start":{"line":196,"column":4},"end":{"line":217,"column":6}},"98":{"start":{"line":197,"column":19},"end":{"line":207,"column":7}},"99":{"start":{"line":208,"column":6},"end":{"line":208,"column":49}},"100":{"start":{"line":209,"column":6},"end":{"line":209,"column":52}},"101":{"start":{"line":210,"column":6},"end":{"line":210,"column":48}},"102":{"start":{"line":211,"column":6},"end":{"line":211,"column":45}},"103":{"start":{"line":212,"column":6},"end":{"line":212,"column":46}},"104":{"start":{"line":213,"column":6},"end":{"line":213,"column":46}},"105":{"start":{"line":214,"column":6},"end":{"line":214,"column":45}},"106":{"start":{"line":215,"column":6},"end":{"line":215,"column":42}},"107":{"start":{"line":216,"column":6},"end":{"line":216,"column":22}},"108":{"start":{"line":219,"column":4},"end":{"line":240,"column":6}},"109":{"start":{"line":220,"column":19},"end":{"line":230,"column":7}},"110":{"start":{"line":231,"column":6},"end":{"line":231,"column":49}},"111":{"start":{"line":232,"column":6},"end":{"line":232,"column":52}},"112":{"start":{"line":233,"column":6},"end":{"line":233,"column":48}},"113":{"start":{"line":234,"column":6},"end":{"line":234,"column":45}},"114":{"start":{"line":235,"column":6},"end":{"line":235,"column":46}},"115":{"start":{"line":236,"column":6},"end":{"line":236,"column":46}},"116":{"start":{"line":237,"column":6},"end":{"line":237,"column":45}},"117":{"start":{"line":238,"column":6},"end":{"line":238,"column":42}},"118":{"start":{"line":239,"column":6},"end":{"line":239,"column":22}},"119":{"start":{"line":244,"column":2},"end":{"line":286,"column":4}},"120":{"start":{"line":245,"column":4},"end":{"line":264,"column":6}},"121":{"start":{"line":246,"column":19},"end":{"line":255,"column":7}},"122":{"start":{"line":256,"column":6},"end":{"line":256,"column":49}},"123":{"start":{"line":257,"column":6},"end":{"line":257,"column":48}},"124":{"start":{"line":258,"column":6},"end":{"line":258,"column":45}},"125":{"start":{"line":259,"column":6},"end":{"line":259,"column":41}},"126":{"start":{"line":260,"column":6},"end":{"line":260,"column":42}},"127":{"start":{"line":261,"column":6},"end":{"line":261,"column":44}},"128":{"start":{"line":262,"column":6},"end":{"line":262,"column":42}},"129":{"start":{"line":263,"column":6},"end":{"line":263,"column":22}},"130":{"start":{"line":266,"column":4},"end":{"line":285,"column":6}},"131":{"start":{"line":267,"column":19},"end":{"line":276,"column":7}},"132":{"start":{"line":277,"column":6},"end":{"line":277,"column":49}},"133":{"start":{"line":278,"column":6},"end":{"line":278,"column":48}},"134":{"start":{"line":279,"column":6},"end":{"line":279,"column":45}},"135":{"start":{"line":280,"column":6},"end":{"line":280,"column":41}},"136":{"start":{"line":281,"column":6},"end":{"line":281,"column":42}},"137":{"start":{"line":282,"column":6},"end":{"line":282,"column":44}},"138":{"start":{"line":283,"column":6},"end":{"line":283,"column":42}},"139":{"start":{"line":284,"column":6},"end":{"line":284,"column":22}},"140":{"start":{"line":288,"column":2},"end":{"line":317,"column":4}},"141":{"start":{"line":289,"column":4},"end":{"line":302,"column":6}},"142":{"start":{"line":290,"column":19},"end":{"line":295,"column":7}},"143":{"start":{"line":296,"column":6},"end":{"line":296,"column":49}},"144":{"start":{"line":297,"column":6},"end":{"line":297,"column":48}},"145":{"start":{"line":298,"column":6},"end":{"line":298,"column":38}},"146":{"start":{"line":299,"column":6},"end":{"line":299,"column":45}},"147":{"start":{"line":300,"column":6},"end":{"line":300,"column":42}},"148":{"start":{"line":301,"column":6},"end":{"line":301,"column":21}},"149":{"start":{"line":304,"column":4},"end":{"line":316,"column":6}},"150":{"start":{"line":305,"column":19},"end":{"line":310,"column":7}},"151":{"start":{"line":311,"column":6},"end":{"line":311,"column":49}},"152":{"start":{"line":312,"column":6},"end":{"line":312,"column":47}},"153":{"start":{"line":313,"column":6},"end":{"line":313,"column":38}},"154":{"start":{"line":314,"column":6},"end":{"line":314,"column":45}},"155":{"start":{"line":315,"column":6},"end":{"line":315,"column":42}}},"fnMap":{"0":{"name":"(anonymous_0)","decl":{"start":{"line":10,"column":23},"end":{"line":10,"column":24}},"loc":{"start":{"line":10,"column":29},"end":{"line":61,"column":1}},"line":10},"1":{"name":"(anonymous_1)","decl":{"start":{"line":11,"column":29},"end":{"line":11,"column":30}},"loc":{"start":{"line":11,"column":35},"end":{"line":60,"column":3}},"line":11},"2":{"name":"(anonymous_2)","decl":{"start":{"line":12,"column":61},"end":{"line":12,"column":62}},"loc":{"start":{"line":12,"column":73},"end":{"line":29,"column":5}},"line":12},"3":{"name":"(anonymous_3)","decl":{"start":{"line":32,"column":54},"end":{"line":32,"column":55}},"loc":{"start":{"line":32,"column":66},"end":{"line":43,"column":5}},"line":32},"4":{"name":"(anonymous_4)","decl":{"start":{"line":46,"column":59},"end":{"line":46,"column":60}},"loc":{"start":{"line":46,"column":71},"end":{"line":59,"column":5}},"line":46},"5":{"name":"(anonymous_5)","decl":{"start":{"line":65,"column":35},"end":{"line":65,"column":36}},"loc":{"start":{"line":65,"column":41},"end":{"line":81,"column":1}},"line":65},"6":{"name":"(anonymous_6)","decl":{"start":{"line":66,"column":47},"end":{"line":66,"column":48}},"loc":{"start":{"line":66,"column":53},"end":{"line":72,"column":3}},"line":66},"7":{"name":"(anonymous_7)","decl":{"start":{"line":69,"column":27},"end":{"line":69,"column":28}},"loc":{"start":{"line":69,"column":39},"end":{"line":71,"column":5}},"line":69},"8":{"name":"(anonymous_8)","decl":{"start":{"line":74,"column":50},"end":{"line":74,"column":51}},"loc":{"start":{"line":74,"column":56},"end":{"line":80,"column":3}},"line":74},"9":{"name":"(anonymous_9)","decl":{"start":{"line":77,"column":29},"end":{"line":77,"column":30}},"loc":{"start":{"line":77,"column":41},"end":{"line":79,"column":5}},"line":77},"10":{"name":"(anonymous_10)","decl":{"start":{"line":85,"column":24},"end":{"line":85,"column":25}},"loc":{"start":{"line":85,"column":30},"end":{"line":318,"column":1}},"line":85},"11":{"name":"(anonymous_11)","decl":{"start":{"line":86,"column":37},"end":{"line":86,"column":38}},"loc":{"start":{"line":86,"column":43},"end":{"line":129,"column":3}},"line":86},"12":{"name":"(anonymous_12)","decl":{"start":{"line":87,"column":57},"end":{"line":87,"column":58}},"loc":{"start":{"line":87,"column":69},"end":{"line":104,"column":5}},"line":87},"13":{"name":"(anonymous_13)","decl":{"start":{"line":106,"column":60},"end":{"line":106,"column":61}},"loc":{"start":{"line":106,"column":72},"end":{"line":121,"column":5}},"line":106},"14":{"name":"(anonymous_14)","decl":{"start":{"line":123,"column":60},"end":{"line":123,"column":61}},"loc":{"start":{"line":123,"column":72},"end":{"line":128,"column":5}},"line":123},"15":{"name":"(anonymous_15)","decl":{"start":{"line":132,"column":35},"end":{"line":132,"column":36}},"loc":{"start":{"line":132,"column":39},"end":{"line":170,"column":3}},"line":132},"16":{"name":"(anonymous_16)","decl":{"start":{"line":133,"column":67},"end":{"line":133,"column":68}},"loc":{"start":{"line":133,"column":77},"end":{"line":147,"column":5}},"line":133},"17":{"name":"(anonymous_17)","decl":{"start":{"line":149,"column":69},"end":{"line":149,"column":70}},"loc":{"start":{"line":149,"column":79},"end":{"line":163,"column":5}},"line":149},"18":{"name":"(anonymous_18)","decl":{"start":{"line":165,"column":48},"end":{"line":165,"column":49}},"loc":{"start":{"line":165,"column":58},"end":{"line":169,"column":5}},"line":165},"19":{"name":"(anonymous_19)","decl":{"start":{"line":172,"column":39},"end":{"line":172,"column":40}},"loc":{"start":{"line":172,"column":43},"end":{"line":241,"column":3}},"line":172},"20":{"name":"(anonymous_20)","decl":{"start":{"line":173,"column":45},"end":{"line":173,"column":46}},"loc":{"start":{"line":173,"column":55},"end":{"line":194,"column":5}},"line":173},"21":{"name":"(anonymous_21)","decl":{"start":{"line":196,"column":46},"end":{"line":196,"column":47}},"loc":{"start":{"line":196,"column":56},"end":{"line":217,"column":5}},"line":196},"22":{"name":"(anonymous_22)","decl":{"start":{"line":219,"column":46},"end":{"line":219,"column":47}},"loc":{"start":{"line":219,"column":56},"end":{"line":240,"column":5}},"line":219},"23":{"name":"(anonymous_23)","decl":{"start":{"line":244,"column":35},"end":{"line":244,"column":36}},"loc":{"start":{"line":244,"column":39},"end":{"line":286,"column":3}},"line":244},"24":{"name":"(anonymous_24)","decl":{"start":{"line":245,"column":40},"end":{"line":245,"column":41}},"loc":{"start":{"line":245,"column":49},"end":{"line":264,"column":5}},"line":245},"25":{"name":"(anonymous_25)","decl":{"start":{"line":266,"column":40},"end":{"line":266,"column":41}},"loc":{"start":{"line":266,"column":49},"end":{"line":285,"column":5}},"line":266},"26":{"name":"(anonymous_26)","decl":{"start":{"line":288,"column":35},"end":{"line":288,"column":36}},"loc":{"start":{"line":288,"column":39},"end":{"line":317,"column":3}},"line":288},"27":{"name":"(anonymous_27)","decl":{"start":{"line":289,"column":72},"end":{"line":289,"column":73}},"loc":{"start":{"line":289,"column":82},"end":{"line":302,"column":5}},"line":289},"28":{"name":"(anonymous_28)","decl":{"start":{"line":304,"column":72},"end":{"line":304,"column":73}},"loc":{"start":{"line":304,"column":82},"end":{"line":316,"column":5}},"line":304}},"branchMap":{},"s":{"0":1,"1":1,"2":1,"3":1,"4":1,"5":1,"6":1,"7":1,"8":1,"9":1,"10":1,"11":1,"12":1,"13":1,"14":1,"15":1,"16":1,"17":1,"18":1,"19":1,"20":1,"21":1,"22":1,"23":1,"24":0,"25":1,"26":1,"27":1,"28":1,"29":1,"30":1,"31":1,"32":1,"33":0,"34":1,"35":1,"36":1,"37":1,"38":1,"39":3,"40":1,"41":1,"42":1,"43":3,"44":1,"45":1,"46":1,"47":1,"48":1,"49":1,"50":1,"51":1,"52":1,"53":1,"54":1,"55":1,"56":1,"57":1,"58":1,"59":1,"60":1,"61":1,"62":1,"63":1,"64":1,"65":1,"66":1,"67":1,"68":1,"69":1,"70":1,"71":1,"72":1,"73":1,"74":1,"75":1,"76":1,"77":1,"78":1,"79":1,"80":1,"81":1,"82":1,"83":1,"84":1,"85":1,"86":1,"87":1,"88":1,"89":1,"90":1,"91":1,"92":1,"93":1,"94":1,"95":1,"96":1,"97":1,"98":1,"99":1,"100":1,"101":1,"102":1,"103":1,"104":1,"105":1,"106":1,"107":1,"108":1,"109":1,"110":1,"111":1,"112":1,"113":1,"114":1,"115":1,"116":1,"117":1,"118":1,"119":1,"120":1,"121":1,"122":1,"123":1,"124":1,"125":1,"126":1,"127":1,"128":1,"129":1,"130":1,"131":1,"132":1,"133":1,"134":1,"135":1,"136":1,"137":1,"138":1,"139":1,"140":1,"141":1,"142":1,"143":1,"144":1,"145":1,"146":1,"147":1,"148":1,"149":1,"150":1,"151":1,"152":1,"153":1,"154":1,"155":1},"f":{"0":1,"1":1,"2":1,"3":1,"4":1,"5":1,"6":1,"7":3,"8":1,"9":3,"10":1,"11":1,"12":1,"13":1,"14":1,"15":1,"16":1,"17":1,"18":1,"19":1,"20":1,"21":1,"22":1,"23":1,"24":1,"25":1,"26":1,"27":1,"28":1},"b":{},"_coverageSchema":"1a1c01bbd47fc00a2c39e90264f33305004495a9","hash":"d342e830dea9ee54d3c0fdede4fa8f0457c48a83","contentHash":"2d0a8c8d401045456672f4029ce2a38a03f5f529ca6b37085c26328147cbcb3f"},"/home/prabhu/Projects/task_1/tests/routes.spec.js":{"path":"/home/prabhu/Projects/task_1/tests/routes.spec.js","statementMap":{"0":{"start":{"line":1,"column":13},"end":{"line":1,"column":28}},"1":{"start":{"line":2,"column":17},"end":{"line":2,"column":37}},"2":{"start":{"line":3,"column":14},"end":{"line":3,"column":31}},"3":{"start":{"line":6,"column":0},"end":{"line":6,"column":19}},"4":{"start":{"line":7,"column":15},"end":{"line":7,"column":26}},"5":{"start":{"line":9,"column":0},"end":{"line":19,"column":3}},"6":{"start":{"line":10,"column":2},"end":{"line":18,"column":5}},"7":{"start":{"line":11,"column":4},"end":{"line":17,"column":9}},"8":{"start":{"line":14,"column":8},"end":{"line":14,"column":31}},"9":{"start":{"line":15,"column":8},"end":{"line":15,"column":40}},"10":{"start":{"line":16,"column":8},"end":{"line":16,"column":15}}},"fnMap":{"0":{"name":"(anonymous_0)","decl":{"start":{"line":9,"column":26},"end":{"line":9,"column":27}},"loc":{"start":{"line":9,"column":32},"end":{"line":19,"column":1}},"line":9},"1":{"name":"(anonymous_1)","decl":{"start":{"line":10,"column":62},"end":{"line":10,"column":63}},"loc":{"start":{"line":10,"column":72},"end":{"line":18,"column":3}},"line":10},"2":{"name":"(anonymous_2)","decl":{"start":{"line":13,"column":11},"end":{"line":13,"column":12}},"loc":{"start":{"line":13,"column":25},"end":{"line":17,"column":7}},"line":13}},"branchMap":{},"s":{"0":1,"1":1,"2":1,"3":1,"4":1,"5":1,"6":1,"7":1,"8":1,"9":1,"10":1},"f":{"0":1,"1":1,"2":1},"b":{},"_coverageSchema":"1a1c01bbd47fc00a2c39e90264f33305004495a9","hash":"4bc7f79956530839c4760c89bcd38e54d5530433","contentHash":"1fcf925a4c8cf25e42df82425973b944a6e22a7234d07b6b23ed7eb1b25167d9"}}